SF:lib/src/features/authentication/data/company_profile_repository.dart
DA:15,4
DA:17,0
DA:19,1
DA:22,1
DA:25,1
DA:26,1
DA:27,2
DA:28,2
DA:29,2
DA:31,5
DA:37,0
DA:40,0
DA:41,0
DA:42,0
DA:43,0
DA:44,0
DA:45,0
DA:51,1
DA:53,6
DA:54,3
DA:55,7
DA:57,4
DA:58,4
DA:59,6
DA:60,1
DA:63,3
DA:64,1
DA:65,1
DA:66,1
DA:67,1
DA:75,1
DA:77,4
DA:79,2
DA:80,3
DA:81,7
DA:83,1
DA:84,7
DA:85,1
DA:87,2
DA:89,3
DA:90,1
DA:91,1
DA:92,1
DA:93,1
DA:100,0
DA:105,0
DA:107,0
DA:109,0
DA:114,1
DA:116,1
DA:119,0
DA:121,0
DA:122,0
LF:53
LH:38
end_of_record
SF:lib/src/features/authentication/data/company_profile_repository.g.dart
DA:9,1
DA:14,2
DA:15,1
DA:29,0
DA:33,0
LF:5
LH:3
end_of_record
SF:lib/src/features/authentication/data/user_profile_repository.dart
DA:13,8
DA:15,2
DA:18,2
DA:20,2
DA:21,4
DA:22,4
DA:23,4
DA:24,4
DA:26,10
DA:32,0
DA:35,0
DA:36,0
DA:37,0
DA:38,0
DA:39,0
DA:40,0
DA:46,0
DA:48,0
DA:50,0
DA:54,2
DA:56,8
DA:57,2
DA:59,2
DA:60,2
DA:61,2
DA:62,2
DA:63,2
DA:64,2
DA:72,1
DA:73,4
DA:74,1
DA:76,1
DA:77,1
DA:78,1
DA:79,1
DA:80,1
DA:81,1
DA:82,1
DA:83,1
DA:90,2
DA:92,2
DA:95,0
DA:97,0
DA:99,0
DA:102,0
DA:104,0
DA:105,0
LF:47
LH:31
end_of_record
SF:lib/src/features/authentication/data/user_profile_repository.g.dart
DA:9,2
DA:14,4
DA:15,2
DA:29,0
DA:33,0
DA:45,0
DA:49,0
LF:7
LH:3
end_of_record
SF:lib/src/utils/drift_storage/database_table.g.dart
DA:11,2
DA:14,4
DA:15,2
DA:17,2
DA:22,4
DA:23,2
DA:27,4
DA:28,2
DA:32,4
DA:33,2
DA:37,2
DA:42,4
DA:43,2
DA:47,2
DA:48,12
DA:49,2
DA:50,4
DA:51,2
DA:54,2
DA:57,2
DA:58,2
DA:59,2
DA:60,2
DA:61,6
DA:63,0
DA:65,2
DA:66,2
DA:67,6
DA:69,2
DA:70,2
DA:71,6
DA:73,2
DA:74,2
DA:75,6
DA:77,2
DA:78,0
DA:79,0
DA:84,2
DA:85,2
DA:86,2
DA:88,1
DA:89,2
DA:90,4
DA:91,6
DA:92,4
DA:93,6
DA:94,4
DA:95,6
DA:96,4
DA:97,6
DA:98,4
DA:99,6
DA:103,0
DA:105,0
DA:115,2
DA:121,0
DA:123,0
DA:124,0
DA:125,0
DA:126,0
DA:128,0
DA:129,0
DA:131,0
DA:132,0
DA:136,0
DA:137,0
DA:138,0
DA:139,0
DA:141,0
DA:142,0
DA:143,0
DA:147,0
DA:149,0
DA:150,0
DA:151,0
DA:152,0
DA:153,0
DA:154,0
DA:155,0
DA:158,0
DA:160,0
DA:161,0
DA:162,0
DA:163,0
DA:164,0
DA:165,0
DA:166,0
DA:170,0
DA:176,0
DA:177,0
DA:178,0
DA:179,0
DA:180,0
DA:181,0
DA:183,0
DA:184,0
DA:185,0
DA:186,0
DA:187,0
DA:188,0
DA:189,0
DA:193,0
DA:195,0
DA:196,0
DA:197,0
DA:198,0
DA:199,0
DA:200,0
DA:201,0
DA:202,0
DA:205,0
DA:206,0
DA:207,0
DA:210,0
DA:211,0
DA:212,0
DA:213,0
DA:214,0
DA:215,0
DA:225,2
DA:233,0
DA:240,0
DA:241,0
DA:249,0
DA:250,0
DA:251,0
DA:252,0
DA:253,0
DA:254,0
DA:255,0
DA:259,0
DA:266,0
DA:267,0
DA:268,0
DA:269,0
DA:270,0
DA:271,0
DA:272,0
DA:276,2
DA:278,2
DA:279,4
DA:280,8
DA:282,4
DA:283,8
DA:285,4
DA:286,8
DA:288,4
DA:289,8
DA:291,4
DA:292,0
DA:294,4
DA:295,0
DA:300,0
DA:302,0
DA:303,0
DA:304,0
DA:305,0
DA:306,0
DA:307,0
DA:308,0
DA:309,0
DA:310,0
DA:319,2
DA:323,4
DA:324,2
DA:328,4
DA:329,2
DA:332,2
DA:337,4
DA:338,2
DA:340,2
DA:346,4
DA:347,2
DA:349,2
DA:351,10
DA:352,2
DA:353,4
DA:354,2
DA:357,1
DA:360,1
DA:361,1
DA:362,1
DA:363,1
DA:365,2
DA:366,1
DA:368,0
DA:370,1
DA:371,1
DA:372,3
DA:374,0
DA:376,1
DA:377,1
DA:378,3
DA:380,0
DA:382,1
DA:383,1
DA:385,2
DA:386,1
DA:388,0
DA:393,2
DA:394,2
DA:395,1
DA:397,1
DA:398,1
DA:399,2
DA:400,3
DA:401,2
DA:402,3
DA:403,2
DA:404,3
DA:405,2
DA:406,3
DA:410,0
DA:412,0
DA:422,1
DA:427,0
DA:429,0
DA:430,0
DA:431,0
DA:432,0
DA:433,0
DA:437,0
DA:438,0
DA:439,0
DA:440,0
DA:441,0
DA:442,0
DA:446,0
DA:448,0
DA:449,0
DA:450,0
DA:451,0
DA:452,0
DA:453,0
DA:456,0
DA:458,0
DA:459,0
DA:460,0
DA:461,0
DA:462,0
DA:463,0
DA:467,0
DA:472,0
DA:473,0
DA:474,0
DA:475,0
DA:476,0
DA:478,0
DA:479,0
DA:481,0
DA:482,0
DA:483,0
DA:485,0
DA:489,0
DA:491,0
DA:492,0
DA:493,0
DA:494,0
DA:495,0
DA:496,0
DA:497,0
DA:500,0
DA:501,0
DA:502,0
DA:505,0
DA:506,0
DA:507,0
DA:508,0
DA:509,0
DA:518,1
DA:525,0
DA:531,0
DA:532,0
DA:533,0
DA:534,0
DA:535,0
DA:542,0
DA:543,0
DA:544,0
DA:545,0
DA:546,0
DA:547,0
DA:551,0
DA:557,0
DA:558,0
DA:559,0
DA:560,0
DA:561,0
DA:562,0
DA:566,1
DA:568,1
DA:569,2
DA:570,4
DA:572,2
DA:573,4
DA:575,2
DA:576,4
DA:578,2
DA:579,4
DA:581,2
DA:582,0
DA:587,0
DA:589,0
DA:590,0
DA:591,0
DA:592,0
DA:593,0
DA:594,0
DA:595,0
DA:596,0
DA:605,2
DA:608,4
DA:609,2
DA:614,2
DA:617,4
DA:618,2
DA:621,2
DA:625,4
DA:626,2
DA:630,4
DA:631,2
DA:636,4
DA:637,2
DA:641,2
DA:643,12
DA:644,2
DA:645,4
DA:646,2
DA:649,0
DA:652,0
DA:653,0
DA:654,0
DA:655,0
DA:657,0
DA:658,0
DA:659,0
DA:661,0
DA:663,0
DA:664,0
DA:665,0
DA:667,0
DA:669,0
DA:670,0
DA:671,0
DA:673,0
DA:675,0
DA:676,0
DA:678,0
DA:679,0
DA:684,2
DA:685,2
DA:686,0
DA:688,0
DA:689,0
DA:690,0
DA:691,0
DA:692,0
DA:693,0
DA:694,0
DA:695,0
DA:696,0
DA:697,0
DA:698,0
DA:699,0
DA:703,0
DA:705,0
DA:715,0
DA:721,0
DA:723,0
DA:724,0
DA:725,0
DA:726,0
DA:727,0
DA:728,0
DA:732,0
DA:733,0
DA:734,0
DA:735,0
DA:736,0
DA:737,0
DA:738,0
DA:742,0
DA:744,0
DA:745,0
DA:746,0
DA:747,0
DA:748,0
DA:749,0
DA:750,0
DA:753,0
DA:755,0
DA:756,0
DA:757,0
DA:758,0
DA:759,0
DA:760,0
DA:761,0
DA:765,0
DA:771,0
DA:772,0
DA:773,0
DA:774,0
DA:775,0
DA:776,0
DA:778,0
DA:779,0
DA:780,0
DA:781,0
DA:782,0
DA:783,0
DA:785,0
DA:789,0
DA:791,0
DA:792,0
DA:793,0
DA:794,0
DA:795,0
DA:796,0
DA:797,0
DA:798,0
DA:801,0
DA:802,0
DA:803,0
DA:806,0
DA:807,0
DA:808,0
DA:809,0
DA:810,0
DA:811,0
DA:820,0
DA:827,0
DA:833,0
DA:834,0
DA:835,0
DA:836,0
DA:843,0
DA:844,0
DA:845,0
DA:846,0
DA:847,0
DA:848,0
DA:852,0
DA:858,0
DA:859,0
DA:860,0
DA:861,0
DA:862,0
DA:863,0
DA:867,0
DA:869,0
DA:870,0
DA:871,0
DA:873,0
DA:874,0
DA:876,0
DA:877,0
DA:879,0
DA:880,0
DA:882,0
DA:883,0
DA:888,0
DA:890,0
DA:891,0
DA:892,0
DA:893,0
DA:894,0
DA:895,0
DA:896,0
DA:897,0
DA:905,2
DA:908,4
DA:909,2
DA:915,4
DA:916,2
DA:918,2
DA:924,4
DA:925,2
DA:930,4
DA:931,2
DA:936,4
DA:937,2
DA:939,2
DA:941,12
DA:942,2
DA:943,4
DA:944,2
DA:947,0
DA:950,0
DA:951,0
DA:952,0
DA:953,0
DA:955,0
DA:957,0
DA:958,0
DA:959,0
DA:961,0
DA:963,0
DA:964,0
DA:965,0
DA:967,0
DA:969,0
DA:970,0
DA:971,0
DA:973,0
DA:975,0
DA:976,0
DA:978,0
DA:979,0
DA:981,0
DA:986,2
DA:987,2
DA:988,0
DA:990,0
DA:991,0
DA:992,0
DA:993,0
DA:994,0
DA:995,0
DA:996,0
DA:997,0
DA:998,0
DA:999,0
DA:1000,0
DA:1001,0
DA:1005,0
DA:1007,0
DA:1017,0
DA:1023,0
DA:1025,0
DA:1026,0
DA:1027,0
DA:1028,0
DA:1029,0
DA:1030,0
DA:1034,0
DA:1035,0
DA:1036,0
DA:1037,0
DA:1038,0
DA:1039,0
DA:1040,0
DA:1044,0
DA:1046,0
DA:1047,0
DA:1048,0
DA:1049,0
DA:1050,0
DA:1051,0
DA:1052,0
DA:1055,0
DA:1057,0
DA:1058,0
DA:1059,0
DA:1060,0
DA:1061,0
DA:1062,0
DA:1063,0
DA:1067,0
DA:1073,0
DA:1074,0
DA:1075,0
DA:1076,0
DA:1077,0
DA:1078,0
DA:1080,0
DA:1081,0
DA:1082,0
DA:1083,0
DA:1084,0
DA:1085,0
DA:1087,0
DA:1091,0
DA:1093,0
DA:1094,0
DA:1095,0
DA:1096,0
DA:1097,0
DA:1098,0
DA:1099,0
DA:1100,0
DA:1103,0
DA:1104,0
DA:1105,0
DA:1108,0
DA:1109,0
DA:1110,0
DA:1111,0
DA:1112,0
DA:1113,0
DA:1123,0
DA:1131,0
DA:1138,0
DA:1139,0
DA:1140,0
DA:1141,0
DA:1142,0
DA:1143,0
DA:1151,0
DA:1152,0
DA:1153,0
DA:1154,0
DA:1155,0
DA:1156,0
DA:1157,0
DA:1161,0
DA:1168,0
DA:1169,0
DA:1170,0
DA:1171,0
DA:1172,0
DA:1173,0
DA:1174,0
DA:1178,0
DA:1180,0
DA:1181,0
DA:1182,0
DA:1184,0
DA:1185,0
DA:1187,0
DA:1188,0
DA:1190,0
DA:1191,0
DA:1193,0
DA:1194,0
DA:1196,0
DA:1197,0
DA:1202,0
DA:1204,0
DA:1205,0
DA:1206,0
DA:1207,0
DA:1208,0
DA:1209,0
DA:1210,0
DA:1211,0
DA:1212,0
DA:1221,2
DA:1224,4
DA:1225,2
DA:1231,4
DA:1232,2
DA:1236,2
DA:1239,4
DA:1240,2
DA:1242,2
DA:1248,2
DA:1249,4
DA:1253,2
DA:1254,10
DA:1255,2
DA:1256,4
DA:1257,2
DA:1260,0
DA:1263,0
DA:1264,0
DA:1265,0
DA:1266,0
DA:1268,0
DA:1270,0
DA:1271,0
DA:1272,0
DA:1274,0
DA:1276,0
DA:1277,0
DA:1278,0
DA:1280,0
DA:1282,0
DA:1283,0
DA:1285,0
DA:1286,0
DA:1291,2
DA:1292,2
DA:1293,0
DA:1295,0
DA:1296,0
DA:1297,0
DA:1298,0
DA:1299,0
DA:1300,0
DA:1301,0
DA:1302,0
DA:1303,0
DA:1304,0
DA:1308,0
DA:1310,0
DA:1320,0
DA:1325,0
DA:1327,0
DA:1328,0
DA:1329,0
DA:1330,0
DA:1331,0
DA:1335,0
DA:1336,0
DA:1337,0
DA:1338,0
DA:1339,0
DA:1340,0
DA:1344,0
DA:1346,0
DA:1347,0
DA:1348,0
DA:1349,0
DA:1350,0
DA:1352,0
DA:1355,0
DA:1357,0
DA:1358,0
DA:1359,0
DA:1360,0
DA:1361,0
DA:1362,0
DA:1366,0
DA:1371,0
DA:1372,0
DA:1373,0
DA:1374,0
DA:1375,0
DA:1377,0
DA:1378,0
DA:1379,0
DA:1380,0
DA:1381,0
DA:1382,0
DA:1383,0
DA:1384,0
DA:1388,0
DA:1390,0
DA:1391,0
DA:1392,0
DA:1393,0
DA:1394,0
DA:1395,0
DA:1396,0
DA:1399,0
DA:1400,0
DA:1401,0
DA:1404,0
DA:1405,0
DA:1406,0
DA:1407,0
DA:1408,0
DA:1417,0
DA:1424,0
DA:1430,0
DA:1431,0
DA:1432,0
DA:1433,0
DA:1440,0
DA:1441,0
DA:1442,0
DA:1443,0
DA:1444,0
DA:1445,0
DA:1449,0
DA:1455,0
DA:1456,0
DA:1457,0
DA:1458,0
DA:1459,0
DA:1460,0
DA:1464,0
DA:1466,0
DA:1467,0
DA:1468,0
DA:1470,0
DA:1471,0
DA:1473,0
DA:1474,0
DA:1476,0
DA:1477,0
DA:1479,0
DA:1480,0
DA:1485,0
DA:1487,0
DA:1488,0
DA:1489,0
DA:1490,0
DA:1491,0
DA:1492,0
DA:1493,0
DA:1494,0
DA:1503,2
DA:1506,4
DA:1507,2
DA:1514,4
DA:1515,2
DA:1518,2
DA:1522,4
DA:1523,2
DA:1525,2
DA:1531,4
DA:1532,2
DA:1534,2
DA:1535,10
DA:1536,2
DA:1537,4
DA:1538,2
DA:1541,0
DA:1545,0
DA:1546,0
DA:1547,0
DA:1548,0
DA:1550,0
DA:1552,0
DA:1553,0
DA:1555,0
DA:1556,0
DA:1558,0
DA:1560,0
DA:1561,0
DA:1562,0
DA:1564,0
DA:1566,0
DA:1567,0
DA:1568,0
DA:1570,0
DA:1575,2
DA:1576,2
DA:1577,0
DA:1580,0
DA:1581,0
DA:1582,0
DA:1583,0
DA:1584,0
DA:1585,0
DA:1586,0
DA:1587,0
DA:1588,0
DA:1589,0
DA:1593,0
DA:1595,0
DA:1605,0
DA:1610,0
DA:1612,0
DA:1613,0
DA:1614,0
DA:1615,0
DA:1616,0
DA:1620,0
DA:1621,0
DA:1622,0
DA:1623,0
DA:1624,0
DA:1625,0
DA:1629,0
DA:1631,0
DA:1632,0
DA:1633,0
DA:1634,0
DA:1635,0
DA:1636,0
DA:1639,0
DA:1641,0
DA:1642,0
DA:1643,0
DA:1644,0
DA:1645,0
DA:1646,0
DA:1650,0
DA:1655,0
DA:1656,0
DA:1657,0
DA:1658,0
DA:1659,0
DA:1661,0
DA:1663,0
DA:1664,0
DA:1665,0
DA:1666,0
DA:1667,0
DA:1668,0
DA:1669,0
DA:1673,0
DA:1675,0
DA:1676,0
DA:1677,0
DA:1678,0
DA:1679,0
DA:1680,0
DA:1681,0
DA:1684,0
DA:1685,0
DA:1686,0
DA:1689,0
DA:1690,0
DA:1691,0
DA:1692,0
DA:1693,0
DA:1703,0
DA:1710,0
DA:1716,0
DA:1717,0
DA:1718,0
DA:1719,0
DA:1720,0
DA:1727,0
DA:1728,0
DA:1729,0
DA:1730,0
DA:1731,0
DA:1732,0
DA:1736,0
DA:1742,0
DA:1743,0
DA:1744,0
DA:1745,0
DA:1746,0
DA:1747,0
DA:1751,0
DA:1753,0
DA:1754,0
DA:1755,0
DA:1757,0
DA:1758,0
DA:1760,0
DA:1761,0
DA:1763,0
DA:1764,0
DA:1766,0
DA:1767,0
DA:1772,0
DA:1774,0
DA:1775,0
DA:1776,0
DA:1777,0
DA:1778,0
DA:1779,0
DA:1780,0
DA:1781,0
DA:1790,2
DA:1794,4
DA:1795,2
DA:1798,2
DA:1802,4
DA:1803,2
DA:1807,2
DA:1812,4
DA:1813,2
DA:1818,2
DA:1819,4
DA:1824,2
DA:1825,4
DA:1827,2
DA:1829,12
DA:1830,2
DA:1831,4
DA:1832,2
DA:1835,0
DA:1839,0
DA:1840,0
DA:1841,0
DA:1842,0
DA:1844,0
DA:1845,0
DA:1847,0
DA:1849,0
DA:1850,0
DA:1851,0
DA:1853,0
DA:1854,0
DA:1855,0
DA:1857,0
DA:1858,0
DA:1860,0
DA:1861,0
DA:1863,0
DA:1864,0
DA:1866,0
DA:1867,0
DA:1872,2
DA:1873,2
DA:1874,0
DA:1876,0
DA:1877,0
DA:1878,0
DA:1879,0
DA:1880,0
DA:1881,0
DA:1882,0
DA:1883,0
DA:1884,0
DA:1885,0
DA:1886,0
DA:1887,0
DA:1891,0
DA:1893,0
DA:1904,0
DA:1910,0
DA:1912,0
DA:1913,0
DA:1914,0
DA:1915,0
DA:1916,0
DA:1918,0
DA:1919,0
DA:1921,0
DA:1922,0
DA:1927,0
DA:1928,0
DA:1929,0
DA:1930,0
DA:1931,0
DA:1933,0
DA:1934,0
DA:1936,0
DA:1937,0
DA:1939,0
DA:1943,0
DA:1945,0
DA:1946,0
DA:1947,0
DA:1948,0
DA:1949,0
DA:1950,0
DA:1951,0
DA:1954,0
DA:1956,0
DA:1957,0
DA:1958,0
DA:1959,0
DA:1960,0
DA:1961,0
DA:1962,0
DA:1966,0
DA:1972,0
DA:1973,0
DA:1974,0
DA:1975,0
DA:1977,0
DA:1978,0
DA:1979,0
DA:1980,0
DA:1982,0
DA:1983,0
DA:1985,0
DA:1986,0
DA:1987,0
DA:1988,0
DA:1989,0
DA:1990,0
DA:1991,0
DA:1992,0
DA:1993,0
DA:1997,0
DA:1999,0
DA:2000,0
DA:2001,0
DA:2002,0
DA:2003,0
DA:2004,0
DA:2005,0
DA:2006,0
DA:2009,0
DA:2011,0
DA:2012,0
DA:2015,0
DA:2016,0
DA:2017,0
DA:2018,0
DA:2019,0
DA:2020,0
DA:2031,0
DA:2039,0
DA:2046,0
DA:2047,0
DA:2055,0
DA:2056,0
DA:2057,0
DA:2058,0
DA:2059,0
DA:2060,0
DA:2061,0
DA:2065,0
DA:2072,0
DA:2073,0
DA:2074,0
DA:2075,0
DA:2076,0
DA:2077,0
DA:2078,0
DA:2082,0
DA:2084,0
DA:2085,0
DA:2086,0
DA:2088,0
DA:2089,0
DA:2091,0
DA:2092,0
DA:2094,0
DA:2095,0
DA:2097,0
DA:2098,0
DA:2100,0
DA:2101,0
DA:2106,0
DA:2108,0
DA:2109,0
DA:2110,0
DA:2111,0
DA:2112,0
DA:2113,0
DA:2114,0
DA:2115,0
DA:2116,0
DA:2125,2
DA:2129,4
DA:2130,2
DA:2133,2
DA:2138,2
DA:2139,4
DA:2143,2
DA:2144,6
DA:2145,2
DA:2146,4
DA:2147,2
DA:2150,0
DA:2154,0
DA:2155,0
DA:2156,0
DA:2157,0
DA:2159,0
DA:2160,0
DA:2162,0
DA:2164,0
DA:2165,0
DA:2167,0
DA:2168,0
DA:2173,2
DA:2174,2
DA:2175,0
DA:2178,0
DA:2179,0
DA:2180,0
DA:2181,0
DA:2182,0
DA:2183,0
DA:2187,0
DA:2189,0
DA:2197,0
DA:2199,0
DA:2201,0
DA:2202,0
DA:2203,0
DA:2207,0
DA:2208,0
DA:2209,0
DA:2210,0
DA:2214,0
DA:2216,0
DA:2217,0
DA:2218,0
DA:2219,0
DA:2222,0
DA:2224,0
DA:2225,0
DA:2226,0
DA:2227,0
DA:2231,0
DA:2233,0
DA:2234,0
DA:2235,0
DA:2237,0
DA:2239,0
DA:2241,0
DA:2242,0
DA:2243,0
DA:2244,0
DA:2248,0
DA:2250,0
DA:2251,0
DA:2252,0
DA:2253,0
DA:2254,0
DA:2257,0
DA:2258,0
DA:2259,0
DA:2262,0
DA:2263,0
DA:2264,0
DA:2272,0
DA:2277,0
DA:2281,0
DA:2282,0
DA:2287,0
DA:2288,0
DA:2289,0
DA:2290,0
DA:2294,0
DA:2298,0
DA:2299,0
DA:2300,0
DA:2301,0
DA:2305,0
DA:2307,0
DA:2308,0
DA:2309,0
DA:2311,0
DA:2312,0
DA:2314,0
DA:2315,0
DA:2320,0
DA:2322,0
DA:2323,0
DA:2324,0
DA:2325,0
DA:2326,0
DA:2327,0
DA:2332,4
DA:2333,0
DA:2334,4
DA:2335,2
DA:2336,2
DA:2337,4
DA:2338,4
DA:2339,2
DA:2340,2
DA:2341,2
DA:2342,2
DA:2343,2
DA:2344,2
DA:2345,2
DA:2346,2
DA:2347,0
DA:2349,0
DA:2350,2
DA:2351,2
DA:2352,2
DA:2353,2
DA:2354,2
DA:2355,2
DA:2356,2
DA:2357,2
DA:2358,2
DA:2359,2
DA:2384,0
DA:2386,0
DA:2388,0
DA:2389,0
DA:2390,0
DA:2392,0
DA:2394,0
DA:2395,0
DA:2398,0
DA:2399,0
DA:2400,0
DA:2403,0
DA:2405,0
DA:2406,0
DA:2407,0
DA:2409,0
DA:2410,0
DA:2411,0
DA:2413,0
DA:2414,0
DA:2415,0
DA:2421,0
DA:2428,0
DA:2429,0
DA:2431,0
DA:2432,0
DA:2434,0
DA:2435,0
DA:2437,0
DA:2438,0
DA:2440,0
DA:2441,0
DA:2443,0
DA:2445,0
DA:2447,0
DA:2448,0
DA:2449,0
DA:2450,0
DA:2453,0
DA:2454,0
DA:2455,0
DA:2461,0
DA:2464,0
DA:2466,0
DA:2468,0
DA:2469,0
DA:2470,0
DA:2471,0
DA:2474,0
DA:2475,0
DA:2476,0
DA:2482,0
DA:2488,0
DA:2495,0
DA:2496,0
DA:2498,0
DA:2499,0
DA:2501,0
DA:2502,0
DA:2504,0
DA:2505,0
DA:2507,0
DA:2508,0
DA:2513,0
DA:2520,0
DA:2521,0
DA:2523,0
DA:2524,0
DA:2526,0
DA:2527,0
DA:2529,0
DA:2530,0
DA:2532,0
DA:2533,0
DA:2535,0
DA:2537,0
DA:2539,0
DA:2540,0
DA:2541,0
DA:2542,0
DA:2545,0
DA:2546,0
DA:2547,0
DA:2553,0
DA:2556,0
DA:2558,0
DA:2560,0
DA:2561,0
DA:2562,0
DA:2563,0
DA:2566,0
DA:2567,0
DA:2568,0
DA:2574,0
DA:2590,0
DA:2591,0
DA:2594,0
DA:2595,0
DA:2596,0
DA:2597,0
DA:2598,0
DA:2599,0
DA:2600,0
DA:2608,0
DA:2616,0
DA:2624,0
DA:2632,0
DA:2633,0
DA:2634,0
DA:2635,0
DA:2637,0
DA:2638,0
DA:2640,0
DA:2642,0
DA:2643,0
DA:2644,0
DA:2647,0
DA:2648,0
DA:2650,0
DA:2653,0
DA:2654,0
DA:2655,0
DA:2656,0
DA:2658,0
DA:2659,0
DA:2662,0
DA:2665,0
DA:2666,0
DA:2667,0
DA:2668,0
DA:2670,0
DA:2671,0
DA:2711,0
DA:2714,0
DA:2715,0
DA:2716,0
DA:2718,0
DA:2719,0
DA:2720,0
DA:2721,0
DA:2722,0
DA:2724,0
DA:2725,0
DA:2731,0
DA:2738,0
DA:2739,0
DA:2741,0
DA:2742,0
DA:2744,0
DA:2745,0
DA:2747,0
DA:2748,0
DA:2750,0
DA:2751,0
DA:2752,0
DA:2753,0
DA:2756,0
DA:2757,0
DA:2758,0
DA:2770,0
DA:2777,0
DA:2778,0
DA:2780,0
DA:2781,0
DA:2783,0
DA:2784,0
DA:2786,0
DA:2787,0
DA:2789,0
DA:2790,0
DA:2791,0
DA:2792,0
DA:2795,0
DA:2796,0
DA:2797,0
DA:2809,0
DA:2816,0
DA:2817,0
DA:2819,0
DA:2820,0
DA:2822,0
DA:2823,0
DA:2825,0
DA:2826,0
DA:2828,0
DA:2829,0
DA:2830,0
DA:2831,0
DA:2834,0
DA:2835,0
DA:2836,0
DA:2858,0
DA:2860,0
DA:2863,0
DA:2864,0
DA:2865,0
DA:2866,0
DA:2867,0
DA:2868,0
DA:2869,0
DA:2876,0
DA:2883,0
DA:2890,0
DA:2897,0
DA:2898,0
DA:2899,0
DA:2900,0
DA:2902,0
DA:2903,0
DA:2904,0
DA:2906,0
DA:2919,0
DA:2921,0
DA:2923,0
DA:2925,0
DA:2927,0
DA:2928,0
DA:2934,0
DA:2935,0
DA:2973,0
DA:2975,0
DA:2976,0
DA:2977,0
DA:2979,0
DA:2980,0
DA:2981,0
DA:2982,0
DA:2983,0
DA:2985,0
DA:2986,0
DA:2992,0
DA:2999,0
DA:3000,0
DA:3002,0
DA:3003,0
DA:3005,0
DA:3006,0
DA:3008,0
DA:3009,0
DA:3011,0
DA:3012,0
DA:3014,0
DA:3015,0
DA:3016,0
DA:3017,0
DA:3020,0
DA:3021,0
DA:3022,0
DA:3034,0
DA:3041,0
DA:3042,0
DA:3044,0
DA:3045,0
DA:3047,0
DA:3048,0
DA:3050,0
DA:3051,0
DA:3053,0
DA:3054,0
DA:3056,0
DA:3057,0
DA:3058,0
DA:3059,0
DA:3062,0
DA:3063,0
DA:3064,0
DA:3076,0
DA:3083,0
DA:3084,0
DA:3086,0
DA:3087,0
DA:3089,0
DA:3090,0
DA:3092,0
DA:3093,0
DA:3095,0
DA:3096,0
DA:3098,0
DA:3099,0
DA:3100,0
DA:3101,0
DA:3104,0
DA:3105,0
DA:3106,0
DA:3128,0
DA:3129,0
DA:3132,0
DA:3133,0
DA:3134,0
DA:3135,0
DA:3136,0
DA:3137,0
DA:3138,0
DA:3145,0
DA:3152,0
DA:3159,0
DA:3166,0
DA:3167,0
DA:3168,0
DA:3169,0
DA:3171,0
DA:3172,0
DA:3173,0
DA:3175,0
DA:3188,0
DA:3190,0
DA:3192,0
DA:3194,0
DA:3196,0
DA:3202,0
DA:3203,0
DA:3241,0
DA:3243,0
DA:3245,0
DA:3246,0
DA:3247,0
DA:3249,0
DA:3251,0
DA:3252,0
DA:3255,0
DA:3256,0
DA:3257,0
DA:3263,0
DA:3270,0
DA:3271,0
DA:3273,0
DA:3274,0
DA:3276,0
DA:3277,0
DA:3279,0
DA:3280,0
DA:3282,0
DA:3283,0
DA:3285,0
DA:3287,0
DA:3289,0
DA:3290,0
DA:3291,0
DA:3292,0
DA:3295,0
DA:3296,0
DA:3297,0
DA:3303,0
DA:3309,0
DA:3316,0
DA:3317,0
DA:3319,0
DA:3320,0
DA:3322,0
DA:3323,0
DA:3325,0
DA:3326,0
DA:3328,0
DA:3329,0
DA:3334,0
DA:3341,0
DA:3342,0
DA:3344,0
DA:3345,0
DA:3347,0
DA:3348,0
DA:3350,0
DA:3351,0
DA:3353,0
DA:3354,0
DA:3356,0
DA:3358,0
DA:3360,0
DA:3361,0
DA:3362,0
DA:3363,0
DA:3366,0
DA:3367,0
DA:3368,0
DA:3374,0
DA:3390,0
DA:3391,0
DA:3394,0
DA:3395,0
DA:3396,0
DA:3397,0
DA:3398,0
DA:3399,0
DA:3400,0
DA:3408,0
DA:3416,0
DA:3424,0
DA:3432,0
DA:3433,0
DA:3434,0
DA:3435,0
DA:3436,0
DA:3437,0
DA:3439,0
DA:3440,0
DA:3443,0
DA:3444,0
DA:3446,0
DA:3449,0
DA:3450,0
DA:3451,0
DA:3452,0
DA:3453,0
DA:3455,0
DA:3495,0
DA:3498,0
DA:3499,0
DA:3500,0
DA:3502,0
DA:3503,0
DA:3504,0
DA:3505,0
DA:3506,0
DA:3508,0
DA:3509,0
DA:3512,0
DA:3515,0
DA:3516,0
DA:3517,0
DA:3519,0
DA:3521,0
DA:3522,0
DA:3523,0
DA:3526,0
DA:3527,0
DA:3528,0
DA:3534,0
DA:3541,0
DA:3542,0
DA:3544,0
DA:3545,0
DA:3547,0
DA:3548,0
DA:3549,0
DA:3551,0
DA:3552,0
DA:3554,0
DA:3555,0
DA:3556,0
DA:3557,0
DA:3560,0
DA:3561,0
DA:3562,0
DA:3571,0
DA:3575,0
DA:3577,0
DA:3578,0
DA:3579,0
DA:3580,0
DA:3583,0
DA:3584,0
DA:3585,0
DA:3591,0
DA:3597,0
DA:3604,0
DA:3605,0
DA:3607,0
DA:3608,0
DA:3610,0
DA:3611,0
DA:3612,0
DA:3614,0
DA:3615,0
DA:3617,0
DA:3618,0
DA:3619,0
DA:3620,0
DA:3623,0
DA:3624,0
DA:3625,0
DA:3637,0
DA:3644,0
DA:3645,0
DA:3647,0
DA:3648,0
DA:3650,0
DA:3651,0
DA:3653,0
DA:3654,0
DA:3656,0
DA:3657,0
DA:3658,0
DA:3659,0
DA:3662,0
DA:3663,0
DA:3664,0
DA:3673,0
DA:3677,0
DA:3679,0
DA:3680,0
DA:3681,0
DA:3682,0
DA:3685,0
DA:3686,0
DA:3687,0
DA:3693,0
DA:3709,0
DA:3711,0
DA:3714,0
DA:3715,0
DA:3716,0
DA:3717,0
DA:3718,0
DA:3719,0
DA:3720,0
DA:3727,0
DA:3734,0
DA:3741,0
DA:3748,0
DA:3749,0
DA:3750,0
DA:3751,0
DA:3753,0
DA:3754,0
DA:3756,0
DA:3758,0
DA:3759,0
DA:3773,0
DA:3775,0
DA:3777,0
DA:3779,0
DA:3781,0
DA:3787,0
DA:3788,0
DA:3790,0
DA:3793,0
DA:3794,0
DA:3795,0
DA:3796,0
DA:3798,0
DA:3799,0
DA:3839,0
DA:3842,0
DA:3843,0
DA:3844,0
DA:3846,0
DA:3847,0
DA:3849,0
DA:3850,0
DA:3851,0
DA:3853,0
DA:3854,0
DA:3857,0
DA:3860,0
DA:3861,0
DA:3862,0
DA:3864,0
DA:3866,0
DA:3867,0
DA:3870,0
DA:3871,0
DA:3872,0
DA:3875,0
DA:3878,0
DA:3879,0
DA:3880,0
DA:3882,0
DA:3884,0
DA:3885,0
DA:3886,0
DA:3889,0
DA:3890,0
DA:3891,0
DA:3897,0
DA:3904,0
DA:3905,0
DA:3907,0
DA:3908,0
DA:3910,0
DA:3911,0
DA:3913,0
DA:3914,0
DA:3916,0
DA:3917,0
DA:3918,0
DA:3919,0
DA:3922,0
DA:3923,0
DA:3924,0
DA:3933,0
DA:3935,0
DA:3937,0
DA:3938,0
DA:3939,0
DA:3940,0
DA:3943,0
DA:3944,0
DA:3945,0
DA:3951,0
DA:3954,0
DA:3958,0
DA:3960,0
DA:3961,0
DA:3962,0
DA:3963,0
DA:3966,0
DA:3967,0
DA:3968,0
DA:3974,0
DA:3980,0
DA:3987,0
DA:3988,0
DA:3990,0
DA:3991,0
DA:3993,0
DA:3994,0
DA:3996,0
DA:3997,0
DA:3999,0
DA:4000,0
DA:4001,0
DA:4002,0
DA:4005,0
DA:4006,0
DA:4007,0
DA:4019,0
DA:4026,0
DA:4027,0
DA:4029,0
DA:4030,0
DA:4032,0
DA:4033,0
DA:4035,0
DA:4036,0
DA:4038,0
DA:4039,0
DA:4040,0
DA:4041,0
DA:4044,0
DA:4045,0
DA:4046,0
DA:4055,0
DA:4059,0
DA:4061,0
DA:4062,0
DA:4063,0
DA:4064,0
DA:4067,0
DA:4068,0
DA:4069,0
DA:4075,0
DA:4078,0
DA:4082,0
DA:4084,0
DA:4085,0
DA:4086,0
DA:4087,0
DA:4090,0
DA:4091,0
DA:4092,0
DA:4098,0
DA:4117,0
DA:4119,0
DA:4122,0
DA:4123,0
DA:4125,0
DA:4126,0
DA:4128,0
DA:4129,0
DA:4131,0
DA:4138,0
DA:4145,0
DA:4152,0
DA:4159,0
DA:4160,0
DA:4161,0
DA:4162,0
DA:4164,0
DA:4165,0
DA:4169,0
DA:4171,0
DA:4172,0
DA:4173,0
DA:4187,0
DA:4189,0
DA:4191,0
DA:4193,0
DA:4195,0
DA:4196,0
DA:4202,0
DA:4203,0
DA:4205,0
DA:4209,0
DA:4210,0
DA:4211,0
DA:4213,0
DA:4215,0
DA:4216,0
DA:4219,0
DA:4223,0
DA:4224,0
DA:4225,0
DA:4227,0
DA:4229,0
DA:4230,0
DA:4276,0
DA:4279,0
DA:4280,0
DA:4281,0
DA:4283,0
DA:4284,0
DA:4285,0
DA:4286,0
DA:4287,0
DA:4288,0
DA:4290,0
DA:4291,0
DA:4297,0
DA:4304,0
DA:4305,0
DA:4307,0
DA:4308,0
DA:4310,0
DA:4311,0
DA:4313,0
DA:4314,0
DA:4315,0
DA:4317,0
DA:4319,0
DA:4321,0
DA:4322,0
DA:4323,0
DA:4324,0
DA:4327,0
DA:4328,0
DA:4329,0
DA:4341,0
DA:4348,0
DA:4349,0
DA:4351,0
DA:4352,0
DA:4354,0
DA:4355,0
DA:4356,0
DA:4358,0
DA:4359,0
DA:4360,0
DA:4362,0
DA:4364,0
DA:4366,0
DA:4367,0
DA:4368,0
DA:4369,0
DA:4372,0
DA:4373,0
DA:4374,0
DA:4386,0
DA:4393,0
DA:4394,0
DA:4396,0
DA:4397,0
DA:4399,0
DA:4400,0
DA:4402,0
DA:4403,0
DA:4405,0
DA:4407,0
DA:4409,0
DA:4410,0
DA:4411,0
DA:4412,0
DA:4415,0
DA:4416,0
DA:4417,0
DA:4439,0
DA:4441,0
DA:4444,0
DA:4445,0
DA:4446,0
DA:4447,0
DA:4449,0
DA:4450,0
DA:4452,0
DA:4460,0
DA:4468,0
DA:4476,0
DA:4484,0
DA:4485,0
DA:4486,0
DA:4487,0
DA:4489,0
DA:4490,0
DA:4491,0
DA:4493,0
DA:4506,0
DA:4508,0
DA:4510,0
DA:4512,0
DA:4514,0
DA:4515,0
DA:4521,0
DA:4522,0
DA:4556,0
DA:4559,0
DA:4560,0
DA:4561,0
DA:4563,0
DA:4564,0
DA:4565,0
DA:4566,0
DA:4567,0
DA:4568,0
DA:4570,0
DA:4571,0
DA:4577,0
DA:4584,0
DA:4585,0
DA:4587,0
DA:4589,0
DA:4591,0
DA:4592,0
DA:4593,0
DA:4594,0
DA:4597,0
DA:4598,0
DA:4599,0
DA:4611,0
DA:4618,0
DA:4619,0
DA:4620,0
DA:4622,0
DA:4624,0
DA:4626,0
DA:4627,0
DA:4628,0
DA:4629,0
DA:4632,0
DA:4633,0
DA:4634,0
DA:4646,0
DA:4653,0
DA:4654,0
DA:4656,0
DA:4658,0
DA:4660,0
DA:4661,0
DA:4662,0
DA:4663,0
DA:4666,0
DA:4667,0
DA:4668,0
DA:4690,0
DA:4692,0
DA:4695,0
DA:4696,0
DA:4698,0
DA:4699,0
DA:4701,0
DA:4702,0
DA:4704,0
DA:4709,0
DA:4714,0
DA:4719,0
DA:4724,0
DA:4725,0
DA:4726,0
DA:4727,0
DA:4729,0
DA:4730,0
DA:4731,0
DA:4733,0
DA:4746,0
DA:4748,0
DA:4750,0
DA:4752,0
DA:4754,0
DA:4755,0
DA:4761,0
DA:4762,0
DA:4785,0
DA:4786,0
DA:4787,0
DA:4788,0
DA:4789,0
DA:4790,0
DA:4791,0
DA:4792,0
DA:4793,0
DA:4794,0
DA:4795,0
DA:4796,0
DA:4797,0
DA:4798,0
DA:4799,0
DA:4800,0
DA:4801,0
DA:4802,0
DA:4809,0
DA:4813,6
LF:2124
LH:255
end_of_record
SF:lib/src/utils/drift_storage/database_table.dart
DA:16,0
DA:17,0
DA:18,0
DA:19,0
DA:20,0
DA:22,0
DA:23,0
DA:28,0
DA:29,0
DA:30,0
DA:31,0
DA:33,0
DA:34,0
DA:39,0
DA:40,0
DA:41,0
DA:42,0
DA:44,0
DA:45,0
DA:63,0
DA:65,0
DA:66,0
DA:67,0
DA:68,0
DA:70,0
DA:71,0
DA:76,0
DA:77,0
DA:78,0
DA:79,0
DA:80,0
DA:82,0
DA:83,0
DA:88,0
DA:89,0
DA:90,0
DA:91,0
DA:92,0
DA:94,0
DA:95,0
DA:100,0
DA:101,0
DA:103,0
DA:104,0
DA:105,0
DA:106,0
DA:108,0
DA:109,0
DA:114,0
DA:115,0
DA:116,0
DA:117,0
DA:118,0
DA:119,0
DA:180,2
DA:183,2
DA:185,0
DA:188,0
DA:190,0
DA:191,0
DA:192,0
LF:61
LH:2
end_of_record
SF:lib/src/utils/uuid.g.dart
DA:9,2
DA:13,6
LF:2
LH:2
end_of_record
SF:lib/src/utils/uuid.dart
DA:6,2
DA:8,2
DA:9,2
LF:3
LH:3
end_of_record
SF:lib/src/exceptions/app_exception.dart
DA:6,0
DA:8,0
DA:9,0
DA:14,0
DA:15,0
DA:20,0
DA:21,0
DA:27,0
DA:28,0
DA:32,0
DA:33,0
DA:42,0
DA:43,0
DA:49,0
DA:50,0
DA:56,0
DA:57,0
DA:63,0
DA:64,0
LF:19
LH:0
end_of_record
SF:lib/src/utils/drift_storage/connection/native.dart
DA:16,0
DA:17,0
DA:20,0
DA:21,0
DA:24,0
DA:25,0
DA:30,0
DA:33,0
DA:35,0
DA:39,0
DA:49,0
LF:11
LH:0
end_of_record
