SF:lib/src/exceptions/app_exception.dart
DA:6,2
DA:8,2
DA:9,6
DA:14,0
DA:18,0
DA:22,0
DA:26,0
DA:27,0
DA:34,0
DA:38,0
DA:39,0
DA:43,0
DA:44,0
DA:48,2
DA:54,2
LF:15
LH:5
end_of_record
SF:lib/src/features/threat_assessment/data/local/local_news_feed_repository.dart
DA:17,2
DA:21,8
DA:23,8
DA:24,0
DA:27,2
DA:29,2
DA:32,0
DA:34,0
DA:36,0
DA:37,0
DA:41,2
DA:45,2
DA:46,2
DA:47,2
DA:50,3
DA:52,4
DA:53,6
DA:54,4
DA:56,8
DA:57,4
DA:59,2
DA:60,2
DA:61,4
DA:62,4
DA:63,4
DA:64,4
DA:65,2
DA:67,10
DA:70,4
DA:72,6
DA:74,2
DA:75,2
DA:76,2
DA:77,4
DA:78,4
DA:80,10
DA:83,4
DA:85,6
DA:87,2
DA:88,2
DA:89,2
DA:90,4
DA:91,4
DA:93,10
DA:99,4
DA:101,0
DA:107,2
DA:109,2
DA:110,2
DA:112,2
DA:115,2
DA:117,4
DA:118,14
DA:123,14
DA:127,0
DA:129,0
DA:134,0
DA:136,0
DA:137,0
DA:138,0
DA:139,0
DA:140,0
DA:142,0
DA:144,0
DA:145,0
DA:150,0
DA:152,0
DA:153,0
DA:154,0
DA:155,0
DA:156,0
DA:157,0
DA:159,0
DA:161,0
DA:162,0
DA:167,0
DA:168,0
DA:169,0
DA:170,0
DA:175,1
DA:176,4
DA:178,2
DA:179,10
DA:180,1
DA:181,2
DA:182,7
DA:186,6
DA:188,0
DA:190,1
DA:194,0
DA:195,0
DA:196,0
DA:197,0
DA:198,0
DA:199,0
DA:202,0
DA:203,0
DA:204,0
DA:207,1
DA:208,3
DA:209,1
DA:211,2
DA:212,1
DA:213,1
DA:214,1
DA:217,2
DA:218,3
DA:220,3
DA:221,5
DA:226,2
DA:227,3
DA:229,1
DA:230,1
DA:231,1
DA:232,1
DA:233,2
DA:235,4
DA:240,2
DA:241,3
DA:242,5
DA:243,1
DA:244,1
DA:245,1
DA:246,1
DA:247,1
DA:249,1
DA:250,2
DA:251,3
DA:253,1
DA:261,2
DA:263,12
DA:264,20
DA:265,2
DA:266,4
DA:267,14
DA:269,2
DA:272,2
DA:273,2
DA:274,2
DA:277,4
DA:278,6
DA:282,6
DA:283,10
DA:288,4
DA:289,6
DA:292,2
DA:293,2
DA:294,2
DA:295,2
DA:296,4
DA:300,6
DA:301,6
DA:306,4
DA:307,6
DA:310,10
DA:311,2
DA:312,2
DA:313,2
DA:314,2
DA:315,2
DA:317,2
DA:318,4
DA:319,6
DA:322,2
DA:329,2
DA:330,4
DA:331,2
DA:333,2
DA:336,2
DA:338,10
DA:340,1
DA:341,2
DA:348,2
DA:350,2
DA:353,0
DA:355,0
DA:356,0
DA:359,0
DA:361,0
DA:362,0
LF:180
LH:133
end_of_record
SF:lib/src/features/threat_assessment/data/local/local_news_feed_repository.g.dart
DA:9,2
DA:14,4
DA:15,2
DA:30,0
DA:34,0
DA:48,0
DA:52,0
LF:7
LH:3
end_of_record
SF:lib/src/features/threat_assessment/data/local/todo_offering_repository.g.dart
DA:9,1
DA:13,2
DA:14,1
DA:28,0
DA:32,0
DA:34,0
DA:36,0
DA:38,0
DA:39,0
DA:42,0
DA:44,0
DA:46,0
DA:47,0
DA:58,1
DA:61,0
DA:62,0
DA:65,0
DA:69,0
DA:74,0
DA:79,0
DA:83,0
DA:91,0
DA:92,0
DA:93,0
DA:106,0
DA:114,0
DA:118,0
DA:122,0
DA:124,0
DA:125,0
DA:126,0
DA:131,0
DA:136,0
DA:138,0
DA:141,0
DA:143,0
DA:146,0
DA:148,0
DA:149,0
DA:151,0
DA:165,0
DA:167,0
DA:168,0
DA:171,0
DA:175,0
DA:176,0
LF:46
LH:4
end_of_record
SF:lib/src/features/threat_assessment/data/local/todo_offering_repository.dart
DA:17,4
DA:19,4
DA:22,1
DA:23,1
DA:24,1
DA:25,1
DA:28,1
DA:29,1
DA:30,1
DA:31,1
DA:35,1
DA:38,0
DA:39,0
DA:40,0
DA:41,0
DA:45,0
DA:48,1
DA:50,1
DA:51,1
DA:52,2
DA:53,2
DA:57,9
DA:58,1
DA:59,1
DA:63,3
DA:69,1
DA:71,1
DA:72,3
DA:73,2
DA:74,1
DA:75,2
DA:76,3
DA:77,2
DA:81,5
DA:89,1
DA:90,2
DA:92,6
DA:93,10
DA:94,1
DA:95,2
DA:96,7
DA:98,1
DA:99,8
DA:100,6
DA:101,5
DA:104,3
DA:105,1
DA:107,2
DA:108,3
DA:109,3
DA:110,3
DA:112,3
DA:113,2
DA:115,1
DA:116,1
DA:119,1
DA:120,1
DA:124,5
DA:128,1
DA:129,5
DA:130,1
DA:135,1
DA:137,6
DA:138,10
DA:141,5
DA:143,1
DA:145,1
DA:146,2
DA:148,3
DA:150,3
DA:152,3
DA:154,2
DA:156,1
DA:157,1
DA:158,1
DA:161,1
DA:162,1
DA:170,0
DA:171,0
DA:172,0
DA:173,0
DA:177,1
DA:179,1
DA:182,0
DA:184,0
DA:185,0
DA:188,0
DA:190,0
DA:191,0
LF:89
LH:74
end_of_record
SF:lib/src/features/threat_assessment/domain/todo_offering.dart
DA:24,0
DA:25,0
DA:27,0
DA:28,0
DA:29,0
DA:34,0
DA:35,0
DA:39,0
DA:41,0
DA:42,0
DA:46,0
LF:11
LH:0
end_of_record
SF:lib/src/features/threat_assessment/domain/todo_offering_category.dart
DA:8,1
DA:10,0
DA:11,0
DA:14,0
DA:16,0
LF:5
LH:1
end_of_record
SF:lib/src/utils/drift_storage/database_table.g.dart
DA:11,4
DA:14,8
DA:16,4
DA:18,4
DA:27,8
DA:29,4
DA:36,8
DA:38,4
DA:45,8
DA:47,4
DA:51,4
DA:60,8
DA:62,4
DA:68,4
DA:69,24
DA:70,4
DA:71,8
DA:72,4
DA:75,2
DA:80,2
DA:81,2
DA:82,2
DA:83,2
DA:85,6
DA:88,0
DA:90,2
DA:91,2
DA:93,6
DA:96,2
DA:97,2
DA:99,6
DA:102,2
DA:103,2
DA:105,6
DA:108,2
DA:109,0
DA:111,0
DA:117,4
DA:118,4
DA:119,2
DA:121,1
DA:122,2
DA:124,6
DA:126,4
DA:128,6
DA:130,4
DA:132,6
DA:134,4
DA:137,6
DA:139,4
DA:142,6
DA:144,4
DA:149,0
DA:151,0
DA:161,2
DA:168,0
DA:170,0
DA:171,0
DA:172,0
DA:173,0
DA:175,0
DA:176,0
DA:178,0
DA:179,0
DA:183,0
DA:184,0
DA:185,0
DA:186,0
DA:188,0
DA:189,0
DA:190,0
DA:194,0
DA:198,0
DA:199,0
DA:200,0
DA:201,0
DA:202,0
DA:203,0
DA:204,0
DA:207,0
DA:209,0
DA:210,0
DA:211,0
DA:212,0
DA:213,0
DA:214,0
DA:215,0
DA:219,0
DA:225,0
DA:226,0
DA:227,0
DA:228,0
DA:229,0
DA:230,0
DA:232,0
DA:233,0
DA:234,0
DA:235,0
DA:236,0
DA:237,0
DA:238,0
DA:242,0
DA:244,0
DA:245,0
DA:246,0
DA:247,0
DA:248,0
DA:249,0
DA:250,0
DA:251,0
DA:254,0
DA:255,0
DA:256,0
DA:259,0
DA:260,0
DA:261,0
DA:262,0
DA:263,0
DA:264,0
DA:274,2
DA:282,0
DA:289,0
DA:290,0
DA:298,0
DA:299,0
DA:300,0
DA:301,0
DA:302,0
DA:303,0
DA:304,0
DA:308,0
DA:316,0
DA:317,0
DA:318,0
DA:319,0
DA:320,0
DA:321,0
DA:322,0
DA:326,2
DA:328,2
DA:329,4
DA:330,8
DA:332,4
DA:333,8
DA:335,4
DA:336,8
DA:338,4
DA:339,8
DA:341,4
DA:342,0
DA:344,4
DA:345,0
DA:350,0
DA:352,0
DA:353,0
DA:354,0
DA:355,0
DA:356,0
DA:357,0
DA:358,0
DA:359,0
DA:360,0
DA:369,4
DA:374,8
DA:376,4
DA:383,8
DA:385,4
DA:389,4
DA:397,8
DA:399,4
DA:401,4
DA:412,8
DA:414,4
DA:419,4
DA:420,4
DA:421,4
DA:422,4
DA:423,4
DA:424,4
DA:426,4
DA:427,8
DA:428,4
DA:431,1
DA:436,1
DA:437,1
DA:438,1
DA:439,1
DA:441,2
DA:442,1
DA:447,0
DA:449,1
DA:450,1
DA:452,3
DA:455,0
DA:457,1
DA:458,1
DA:460,3
DA:463,0
DA:465,1
DA:466,1
DA:468,2
DA:469,1
DA:474,0
DA:479,4
DA:480,4
DA:481,1
DA:483,1
DA:484,1
DA:486,3
DA:488,2
DA:491,3
DA:493,2
DA:496,3
DA:498,2
DA:501,3
DA:503,2
DA:508,0
DA:510,0
DA:520,1
DA:526,0
DA:528,0
DA:529,0
DA:530,0
DA:531,0
DA:532,0
DA:536,0
DA:537,0
DA:538,0
DA:539,0
DA:540,0
DA:541,0
DA:545,0
DA:549,0
DA:550,0
DA:551,0
DA:552,0
DA:553,0
DA:554,0
DA:557,0
DA:559,0
DA:560,0
DA:561,0
DA:562,0
DA:563,0
DA:564,0
DA:568,0
DA:573,0
DA:574,0
DA:575,0
DA:576,0
DA:577,0
DA:579,0
DA:580,0
DA:582,0
DA:583,0
DA:584,0
DA:586,0
DA:590,0
DA:592,0
DA:593,0
DA:594,0
DA:595,0
DA:596,0
DA:597,0
DA:598,0
DA:601,0
DA:602,0
DA:603,0
DA:606,0
DA:607,0
DA:608,0
DA:609,0
DA:610,0
DA:619,1
DA:626,0
DA:632,0
DA:633,0
DA:634,0
DA:635,0
DA:636,0
DA:643,0
DA:644,0
DA:645,0
DA:646,0
DA:647,0
DA:648,0
DA:652,0
DA:659,0
DA:660,0
DA:661,0
DA:662,0
DA:663,0
DA:664,0
DA:668,1
DA:670,1
DA:671,2
DA:672,4
DA:674,2
DA:675,4
DA:677,2
DA:678,4
DA:680,2
DA:681,4
DA:683,2
DA:684,0
DA:689,0
DA:691,0
DA:692,0
DA:693,0
DA:694,0
DA:695,0
DA:696,0
DA:697,0
DA:698,0
DA:707,4
DA:710,8
DA:712,4
DA:717,4
DA:723,8
DA:725,4
DA:729,4
DA:735,8
DA:737,4
DA:746,8
DA:748,4
DA:755,8
DA:757,4
DA:766,8
DA:768,4
DA:774,4
DA:775,4
DA:776,4
DA:777,4
DA:778,4
DA:779,4
DA:780,4
DA:781,4
DA:783,4
DA:784,8
DA:785,4
DA:788,0
DA:793,0
DA:794,0
DA:795,0
DA:796,0
DA:798,0
DA:799,0
DA:801,0
DA:804,0
DA:806,0
DA:807,0
DA:809,0
DA:812,0
DA:814,0
DA:815,0
DA:817,0
DA:818,0
DA:823,0
DA:825,0
DA:826,0
DA:828,0
DA:831,0
DA:833,0
DA:834,0
DA:836,0
DA:837,0
DA:845,4
DA:846,4
DA:847,0
DA:849,0
DA:850,0
DA:852,0
DA:854,0
DA:857,0
DA:859,0
DA:862,0
DA:864,0
DA:867,0
DA:869,0
DA:872,0
DA:874,0
DA:877,0
DA:879,0
DA:884,0
DA:886,0
DA:897,0
DA:905,0
DA:907,0
DA:908,0
DA:909,0
DA:910,0
DA:911,0
DA:912,0
DA:913,0
DA:917,0
DA:918,0
DA:919,0
DA:920,0
DA:921,0
DA:922,0
DA:923,0
DA:924,0
DA:928,0
DA:932,0
DA:933,0
DA:934,0
DA:935,0
DA:936,0
DA:937,0
DA:938,0
DA:939,0
DA:942,0
DA:944,0
DA:945,0
DA:946,0
DA:947,0
DA:948,0
DA:949,0
DA:950,0
DA:951,0
DA:955,0
DA:962,0
DA:963,0
DA:964,0
DA:965,0
DA:966,0
DA:967,0
DA:968,0
DA:970,0
DA:971,0
DA:972,0
DA:973,0
DA:974,0
DA:976,0
DA:977,0
DA:978,0
DA:979,0
DA:981,0
DA:985,0
DA:987,0
DA:988,0
DA:989,0
DA:990,0
DA:991,0
DA:992,0
DA:993,0
DA:994,0
DA:995,0
DA:998,0
DA:1000,0
DA:1001,0
DA:1004,0
DA:1005,0
DA:1006,0
DA:1007,0
DA:1008,0
DA:1009,0
DA:1010,0
DA:1020,0
DA:1028,0
DA:1035,0
DA:1036,0
DA:1037,0
DA:1038,0
DA:1039,0
DA:1047,0
DA:1048,0
DA:1049,0
DA:1050,0
DA:1051,0
DA:1052,0
DA:1053,0
DA:1057,0
DA:1065,0
DA:1066,0
DA:1067,0
DA:1068,0
DA:1069,0
DA:1070,0
DA:1071,0
DA:1075,0
DA:1077,0
DA:1078,0
DA:1079,0
DA:1081,0
DA:1082,0
DA:1084,0
DA:1085,0
DA:1087,0
DA:1088,0
DA:1090,0
DA:1091,0
DA:1093,0
DA:1094,0
DA:1099,0
DA:1101,0
DA:1102,0
DA:1103,0
DA:1104,0
DA:1105,0
DA:1106,0
DA:1107,0
DA:1108,0
DA:1109,0
DA:1117,4
DA:1120,8
DA:1122,4
DA:1130,8
DA:1132,4
DA:1134,4
DA:1145,8
DA:1147,4
DA:1156,8
DA:1158,4
DA:1167,8
DA:1169,4
DA:1178,8
DA:1180,4
DA:1185,4
DA:1186,4
DA:1187,4
DA:1188,4
DA:1189,4
DA:1190,4
DA:1191,4
DA:1192,4
DA:1194,4
DA:1195,8
DA:1196,4
DA:1199,2
DA:1204,2
DA:1205,2
DA:1206,2
DA:1207,8
DA:1209,0
DA:1211,2
DA:1212,2
DA:1214,6
DA:1217,0
DA:1219,2
DA:1220,2
DA:1222,6
DA:1225,0
DA:1227,2
DA:1228,2
DA:1230,4
DA:1231,2
DA:1236,0
DA:1238,2
DA:1239,2
DA:1241,6
DA:1244,0
DA:1246,2
DA:1247,2
DA:1249,4
DA:1250,2
DA:1255,0
DA:1260,4
DA:1261,4
DA:1262,2
DA:1264,2
DA:1265,2
DA:1267,6
DA:1269,4
DA:1272,6
DA:1274,4
DA:1277,6
DA:1279,4
DA:1282,6
DA:1284,4
DA:1287,6
DA:1289,4
DA:1292,6
DA:1294,4
DA:1299,2
DA:1301,4
DA:1312,2
DA:1320,0
DA:1322,0
DA:1323,0
DA:1324,0
DA:1325,0
DA:1326,0
DA:1327,0
DA:1328,0
DA:1332,0
DA:1333,0
DA:1334,0
DA:1335,0
DA:1336,0
DA:1337,0
DA:1338,0
DA:1339,0
DA:1343,0
DA:1347,0
DA:1348,0
DA:1349,0
DA:1350,0
DA:1351,0
DA:1352,0
DA:1353,0
DA:1354,0
DA:1357,0
DA:1359,0
DA:1360,0
DA:1361,0
DA:1362,0
DA:1363,0
DA:1364,0
DA:1365,0
DA:1366,0
DA:1370,0
DA:1377,0
DA:1378,0
DA:1379,0
DA:1380,0
DA:1381,0
DA:1382,0
DA:1383,0
DA:1385,0
DA:1386,0
DA:1387,0
DA:1388,0
DA:1389,0
DA:1391,0
DA:1392,0
DA:1393,0
DA:1394,0
DA:1396,0
DA:1400,0
DA:1402,0
DA:1403,0
DA:1404,0
DA:1405,0
DA:1406,0
DA:1407,0
DA:1408,0
DA:1409,0
DA:1410,0
DA:1413,0
DA:1415,0
DA:1416,0
DA:1419,0
DA:1420,0
DA:1421,0
DA:1422,0
DA:1423,0
DA:1424,0
DA:1425,0
DA:1436,2
DA:1445,0
DA:1453,0
DA:1454,0
DA:1455,0
DA:1456,0
DA:1457,0
DA:1458,0
DA:1459,0
DA:1468,0
DA:1469,0
DA:1470,0
DA:1471,0
DA:1472,0
DA:1473,0
DA:1474,0
DA:1475,0
DA:1479,0
DA:1488,0
DA:1489,0
DA:1490,0
DA:1491,0
DA:1492,0
DA:1493,0
DA:1494,0
DA:1495,0
DA:1499,2
DA:1501,2
DA:1502,4
DA:1503,8
DA:1505,4
DA:1506,8
DA:1508,4
DA:1509,8
DA:1511,4
DA:1512,8
DA:1514,4
DA:1515,8
DA:1517,4
DA:1518,8
DA:1520,4
DA:1521,0
DA:1526,0
DA:1528,0
DA:1529,0
DA:1530,0
DA:1531,0
DA:1532,0
DA:1533,0
DA:1534,0
DA:1535,0
DA:1536,0
DA:1537,0
DA:1546,4
DA:1549,8
DA:1551,4
DA:1559,8
DA:1561,4
DA:1565,4
DA:1571,8
DA:1573,4
DA:1575,4
DA:1586,8
DA:1588,4
DA:1593,4
DA:1594,20
DA:1595,4
DA:1596,8
DA:1597,4
DA:1600,2
DA:1605,2
DA:1606,2
DA:1607,2
DA:1608,8
DA:1610,0
DA:1612,2
DA:1613,2
DA:1615,6
DA:1618,0
DA:1620,2
DA:1621,2
DA:1623,6
DA:1626,0
DA:1628,2
DA:1629,2
DA:1631,6
DA:1634,0
DA:1639,4
DA:1640,8
DA:1641,2
DA:1643,2
DA:1644,2
DA:1646,6
DA:1648,4
DA:1651,6
DA:1653,4
DA:1656,6
DA:1658,4
DA:1661,6
DA:1663,4
DA:1668,2
DA:1670,4
DA:1680,2
DA:1686,0
DA:1688,0
DA:1689,0
DA:1690,0
DA:1691,0
DA:1692,0
DA:1696,0
DA:1697,0
DA:1698,0
DA:1699,0
DA:1700,0
DA:1701,0
DA:1705,0
DA:1709,0
DA:1710,0
DA:1711,0
DA:1712,0
DA:1713,0
DA:1714,0
DA:1717,0
DA:1719,0
DA:1720,0
DA:1721,0
DA:1722,0
DA:1723,0
DA:1724,0
DA:1728,0
DA:1733,0
DA:1734,0
DA:1735,0
DA:1736,0
DA:1737,0
DA:1739,0
DA:1740,0
DA:1741,0
DA:1742,0
DA:1743,0
DA:1744,0
DA:1748,0
DA:1750,0
DA:1751,0
DA:1752,0
DA:1753,0
DA:1754,0
DA:1755,0
DA:1756,0
DA:1759,0
DA:1760,0
DA:1761,0
DA:1764,0
DA:1765,0
DA:1766,0
DA:1767,0
DA:1768,0
DA:1777,2
DA:1784,0
DA:1790,0
DA:1791,0
DA:1792,0
DA:1793,0
DA:1794,0
DA:1801,0
DA:1802,0
DA:1803,0
DA:1804,0
DA:1805,0
DA:1806,0
DA:1810,0
DA:1817,0
DA:1818,0
DA:1819,0
DA:1820,0
DA:1821,0
DA:1822,0
DA:1826,2
DA:1828,2
DA:1829,4
DA:1830,8
DA:1832,4
DA:1833,8
DA:1835,4
DA:1836,8
DA:1838,4
DA:1839,8
DA:1841,4
DA:1842,0
DA:1847,0
DA:1849,0
DA:1850,0
DA:1851,0
DA:1852,0
DA:1853,0
DA:1854,0
DA:1855,0
DA:1856,0
DA:1865,4
DA:1868,8
DA:1870,4
DA:1880,8
DA:1882,4
DA:1886,4
DA:1892,8
DA:1894,4
DA:1896,4
DA:1907,8
DA:1909,4
DA:1918,4
DA:1919,4
DA:1921,4
DA:1927,4
DA:1928,4
DA:1929,4
DA:1930,4
DA:1931,4
DA:1932,4
DA:1933,4
DA:1935,4
DA:1936,8
DA:1937,4
DA:1940,2
DA:1945,2
DA:1946,2
DA:1947,2
DA:1948,8
DA:1950,0
DA:1952,2
DA:1953,2
DA:1955,4
DA:1956,2
DA:1961,0
DA:1963,2
DA:1964,2
DA:1966,6
DA:1969,0
DA:1971,2
DA:1972,2
DA:1974,6
DA:1977,0
DA:1979,2
DA:1980,0
DA:1982,0
DA:1983,0
DA:1991,4
DA:1992,4
DA:1993,2
DA:1998,2
DA:1999,2
DA:2001,6
DA:2003,4
DA:2006,6
DA:2008,4
DA:2011,6
DA:2013,4
DA:2016,6
DA:2018,4
DA:2021,6
DA:2023,4
DA:2028,2
DA:2030,4
DA:2041,2
DA:2048,0
DA:2050,0
DA:2051,0
DA:2052,0
DA:2053,0
DA:2054,0
DA:2055,0
DA:2059,0
DA:2060,0
DA:2061,0
DA:2062,0
DA:2063,0
DA:2064,0
DA:2065,0
DA:2069,0
DA:2073,0
DA:2074,0
DA:2075,0
DA:2076,0
DA:2077,0
DA:2078,0
DA:2079,0
DA:2080,0
DA:2084,0
DA:2086,0
DA:2087,0
DA:2088,0
DA:2089,0
DA:2090,0
DA:2091,0
DA:2092,0
DA:2096,0
DA:2102,0
DA:2103,0
DA:2104,0
DA:2105,0
DA:2106,0
DA:2107,0
DA:2109,0
DA:2112,0
DA:2113,0
DA:2115,0
DA:2116,0
DA:2117,0
DA:2118,0
DA:2119,0
DA:2121,0
DA:2122,0
DA:2123,0
DA:2127,0
DA:2129,0
DA:2130,0
DA:2131,0
DA:2132,0
DA:2133,0
DA:2134,0
DA:2135,0
DA:2136,0
DA:2139,0
DA:2141,0
DA:2142,0
DA:2145,0
DA:2146,0
DA:2147,0
DA:2148,0
DA:2149,0
DA:2150,0
DA:2161,2
DA:2169,0
DA:2176,0
DA:2177,0
DA:2178,0
DA:2179,0
DA:2180,0
DA:2188,0
DA:2189,0
DA:2190,0
DA:2191,0
DA:2192,0
DA:2193,0
DA:2194,0
DA:2198,0
DA:2206,0
DA:2207,0
DA:2208,0
DA:2209,0
DA:2210,0
DA:2211,0
DA:2212,0
DA:2216,2
DA:2218,2
DA:2219,4
DA:2220,8
DA:2222,4
DA:2223,8
DA:2225,4
DA:2226,8
DA:2228,4
DA:2229,8
DA:2231,4
DA:2232,0
DA:2234,4
DA:2235,0
DA:2240,0
DA:2242,0
DA:2243,0
DA:2244,0
DA:2245,0
DA:2246,0
DA:2247,0
DA:2248,0
DA:2249,0
DA:2250,0
DA:2259,4
DA:2264,8
DA:2266,4
DA:2270,4
DA:2279,8
DA:2281,4
DA:2285,8
DA:2290,8
DA:2292,4
DA:2298,4
DA:2299,4
DA:2300,4
DA:2301,4
DA:2302,4
DA:2304,4
DA:2305,8
DA:2306,4
DA:2309,1
DA:2314,1
DA:2315,1
DA:2316,1
DA:2317,1
DA:2319,3
DA:2322,0
DA:2324,1
DA:2325,1
DA:2326,1
DA:2328,2
DA:2329,1
DA:2337,4
DA:2338,4
DA:2339,1
DA:2341,1
DA:2342,1
DA:2344,3
DA:2346,2
DA:2348,2
DA:2349,3
DA:2351,2
DA:2355,3
DA:2357,2
DA:2362,1
DA:2364,2
DA:2367,8
DA:2376,1
DA:2381,0
DA:2383,0
DA:2384,0
DA:2386,0
DA:2387,0
DA:2390,0
DA:2394,0
DA:2395,0
DA:2396,0
DA:2397,0
DA:2398,0
DA:2402,0
DA:2406,0
DA:2407,0
DA:2408,0
DA:2409,0
DA:2410,0
DA:2412,0
DA:2415,0
DA:2417,0
DA:2418,0
DA:2419,0
DA:2420,0
DA:2421,0
DA:2425,0
DA:2429,0
DA:2430,0
DA:2431,0
DA:2432,0
DA:2434,0
DA:2435,0
DA:2437,0
DA:2439,0
DA:2440,0
DA:2441,0
DA:2443,0
DA:2447,0
DA:2449,0
DA:2450,0
DA:2451,0
DA:2452,0
DA:2453,0
DA:2454,0
DA:2457,0
DA:2458,0
DA:2459,0
DA:2462,0
DA:2463,0
DA:2464,0
DA:2465,0
DA:2473,1
DA:2479,0
DA:2484,0
DA:2485,0
DA:2486,0
DA:2492,0
DA:2493,0
DA:2494,0
DA:2495,0
DA:2496,0
DA:2500,0
DA:2506,0
DA:2507,0
DA:2508,0
DA:2509,0
DA:2510,0
DA:2514,1
DA:2516,1
DA:2517,2
DA:2518,4
DA:2520,2
DA:2521,2
DA:2522,2
DA:2523,2
DA:2527,2
DA:2528,4
DA:2530,2
DA:2531,0
DA:2536,0
DA:2538,0
DA:2539,0
DA:2540,0
DA:2541,0
DA:2542,0
DA:2543,0
DA:2544,0
DA:2553,4
DA:2556,8
DA:2558,4
DA:2567,4
DA:2568,4
DA:2570,4
DA:2574,4
DA:2575,4
DA:2577,4
DA:2578,12
DA:2579,4
DA:2580,8
DA:2581,4
DA:2584,0
DA:2589,0
DA:2590,0
DA:2591,0
DA:2592,0
DA:2594,0
DA:2598,4
DA:2599,4
DA:2600,0
DA:2605,0
DA:2606,0
DA:2608,0
DA:2610,0
DA:2612,0
DA:2613,0
DA:2614,0
DA:2616,0
DA:2622,0
DA:2624,0
DA:2627,8
DA:2635,0
DA:2639,0
DA:2641,0
DA:2642,0
DA:2644,0
DA:2645,0
DA:2646,0
DA:2653,0
DA:2654,0
DA:2655,0
DA:2656,0
DA:2660,0
DA:2664,0
DA:2665,0
DA:2666,0
DA:2667,0
DA:2670,0
DA:2672,0
DA:2673,0
DA:2674,0
DA:2675,0
DA:2679,0
DA:2680,0
DA:2681,0
DA:2682,0
DA:2684,0
DA:2687,0
DA:2688,0
DA:2690,0
DA:2691,0
DA:2692,0
DA:2696,0
DA:2698,0
DA:2699,0
DA:2700,0
DA:2701,0
DA:2702,0
DA:2705,0
DA:2706,0
DA:2707,0
DA:2710,0
DA:2711,0
DA:2712,0
DA:2719,0
DA:2723,0
DA:2726,0
DA:2727,0
DA:2731,0
DA:2732,0
DA:2733,0
DA:2737,0
DA:2741,0
DA:2742,0
DA:2743,0
DA:2747,0
DA:2749,0
DA:2750,0
DA:2751,0
DA:2753,0
DA:2754,0
DA:2755,0
DA:2756,0
DA:2763,0
DA:2765,0
DA:2766,0
DA:2767,0
DA:2768,0
DA:2769,0
DA:2774,8
DA:2775,0
DA:2776,8
DA:2777,8
DA:2780,8
DA:2781,8
DA:2782,8
DA:2785,4
DA:2786,4
DA:2787,8
DA:2788,4
DA:2789,4
DA:2790,0
DA:2792,0
DA:2793,4
DA:2794,4
DA:2795,4
DA:2796,4
DA:2797,4
DA:2798,4
DA:2799,4
DA:2800,4
DA:2801,4
DA:2802,4
DA:2827,0
DA:2829,0
DA:2830,0
DA:2831,0
DA:2832,0
DA:2833,0
DA:2834,0
DA:2838,0
DA:2839,0
DA:2840,0
DA:2841,0
DA:2842,0
DA:2843,0
DA:2846,0
DA:2847,0
DA:2849,0
DA:2850,0
DA:2854,0
DA:2855,0
DA:2856,0
DA:2857,0
DA:2858,0
DA:2859,0
DA:2863,0
DA:2864,0
DA:2865,0
DA:2866,0
DA:2867,0
DA:2868,0
DA:2871,0
DA:2872,0
DA:2873,0
DA:2880,0
DA:2887,0
DA:2888,0
DA:2889,0
DA:2892,0
DA:2893,0
DA:2894,0
DA:2897,0
DA:2898,0
DA:2899,0
DA:2902,0
DA:2903,0
DA:2904,0
DA:2907,0
DA:2908,0
DA:2909,0
DA:2912,0
DA:2915,0
DA:2917,0
DA:2918,0
DA:2919,0
DA:2921,0
DA:2925,0
DA:2926,0
DA:2927,0
DA:2934,0
DA:2937,0
DA:2940,0
DA:2942,0
DA:2943,0
DA:2944,0
DA:2946,0
DA:2950,0
DA:2951,0
DA:2952,0
DA:2959,0
DA:2965,0
DA:2972,0
DA:2973,0
DA:2974,0
DA:2977,0
DA:2978,0
DA:2979,0
DA:2982,0
DA:2983,0
DA:2984,0
DA:2987,0
DA:2988,0
DA:2989,0
DA:2992,0
DA:2993,0
DA:2994,0
DA:3000,0
DA:3007,0
DA:3008,0
DA:3010,0
DA:3011,0
DA:3013,0
DA:3014,0
DA:3016,0
DA:3017,0
DA:3019,0
DA:3020,0
DA:3022,0
DA:3025,0
DA:3027,0
DA:3028,0
DA:3029,0
DA:3031,0
DA:3035,0
DA:3036,0
DA:3037,0
DA:3044,0
DA:3047,0
DA:3050,0
DA:3052,0
DA:3053,0
DA:3054,0
DA:3056,0
DA:3060,0
DA:3061,0
DA:3062,0
DA:3069,0
DA:3091,0
DA:3092,0
DA:3093,0
DA:3097,0
DA:3099,0
DA:3101,0
DA:3102,0
DA:3104,0
DA:3111,0
DA:3120,0
DA:3127,0
DA:3136,0
DA:3138,0
DA:3139,0
DA:3140,0
DA:3141,0
DA:3144,0
DA:3145,0
DA:3149,0
DA:3151,0
DA:3152,0
DA:3153,0
DA:3156,0
DA:3157,0
DA:3159,0
DA:3166,0
DA:3168,0
DA:3169,0
DA:3173,0
DA:3175,0
DA:3176,0
DA:3181,0
DA:3188,0
DA:3190,0
DA:3191,0
DA:3195,0
DA:3197,0
DA:3198,0
DA:3248,0
DA:3254,0
DA:3255,0
DA:3256,0
DA:3259,0
DA:3260,0
DA:3262,0
DA:3263,0
DA:3264,0
DA:3265,0
DA:3266,0
DA:3268,0
DA:3269,0
DA:3276,0
DA:3283,0
DA:3284,0
DA:3285,0
DA:3288,0
DA:3289,0
DA:3290,0
DA:3293,0
DA:3294,0
DA:3295,0
DA:3298,0
DA:3299,0
DA:3301,0
DA:3302,0
DA:3303,0
DA:3305,0
DA:3309,0
DA:3310,0
DA:3311,0
DA:3324,0
DA:3331,0
DA:3332,0
DA:3333,0
DA:3336,0
DA:3337,0
DA:3338,0
DA:3341,0
DA:3342,0
DA:3343,0
DA:3346,0
DA:3347,0
DA:3349,0
DA:3350,0
DA:3351,0
DA:3353,0
DA:3357,0
DA:3358,0
DA:3359,0
DA:3372,0
DA:3379,0
DA:3380,0
DA:3381,0
DA:3384,0
DA:3385,0
DA:3387,0
DA:3388,0
DA:3389,0
DA:3392,0
DA:3393,0
DA:3395,0
DA:3396,0
DA:3397,0
DA:3399,0
DA:3403,0
DA:3404,0
DA:3405,0
DA:3431,0
DA:3434,0
DA:3435,0
DA:3439,0
DA:3440,0
DA:3442,0
DA:3447,0
DA:3452,0
DA:3458,0
DA:3466,0
DA:3472,0
DA:3480,0
DA:3482,0
DA:3483,0
DA:3484,0
DA:3485,0
DA:3488,0
DA:3489,0
DA:3490,0
DA:3492,0
DA:3507,0
DA:3510,0
DA:3512,0
DA:3514,0
DA:3517,0
DA:3518,0
DA:3525,0
DA:3526,0
DA:3569,0
DA:3571,0
DA:3572,0
DA:3573,0
DA:3576,0
DA:3577,0
DA:3579,0
DA:3580,0
DA:3581,0
DA:3582,0
DA:3583,0
DA:3585,0
DA:3586,0
DA:3593,0
DA:3600,0
DA:3601,0
DA:3602,0
DA:3605,0
DA:3606,0
DA:3607,0
DA:3610,0
DA:3611,0
DA:3612,0
DA:3615,0
DA:3616,0
DA:3617,0
DA:3620,0
DA:3621,0
DA:3622,0
DA:3625,0
DA:3626,0
DA:3628,0
DA:3629,0
DA:3630,0
DA:3632,0
DA:3636,0
DA:3637,0
DA:3638,0
DA:3651,0
DA:3658,0
DA:3659,0
DA:3660,0
DA:3663,0
DA:3664,0
DA:3665,0
DA:3668,0
DA:3669,0
DA:3670,0
DA:3673,0
DA:3674,0
DA:3675,0
DA:3678,0
DA:3679,0
DA:3680,0
DA:3683,0
DA:3684,0
DA:3686,0
DA:3687,0
DA:3688,0
DA:3690,0
DA:3694,0
DA:3695,0
DA:3696,0
DA:3709,0
DA:3716,0
DA:3717,0
DA:3719,0
DA:3720,0
DA:3722,0
DA:3723,0
DA:3724,0
DA:3727,0
DA:3728,0
DA:3730,0
DA:3731,0
DA:3732,0
DA:3735,0
DA:3736,0
DA:3738,0
DA:3739,0
DA:3740,0
DA:3742,0
DA:3746,0
DA:3747,0
DA:3748,0
DA:3774,0
DA:3775,0
DA:3776,0
DA:3780,0
DA:3782,0
DA:3784,0
DA:3785,0
DA:3787,0
DA:3794,0
DA:3803,0
DA:3810,0
DA:3819,0
DA:3821,0
DA:3822,0
DA:3823,0
DA:3824,0
DA:3827,0
DA:3828,0
DA:3829,0
DA:3831,0
DA:3846,0
DA:3849,0
DA:3851,0
DA:3853,0
DA:3856,0
DA:3857,0
DA:3864,0
DA:3865,0
DA:3910,0
DA:3912,0
DA:3913,0
DA:3914,0
DA:3915,0
DA:3918,0
DA:3919,0
DA:3920,0
DA:3921,0
DA:3922,0
DA:3924,0
DA:3925,0
DA:3927,0
DA:3928,0
DA:3935,0
DA:3942,0
DA:3943,0
DA:3944,0
DA:3947,0
DA:3948,0
DA:3949,0
DA:3952,0
DA:3953,0
DA:3954,0
DA:3957,0
DA:3958,0
DA:3959,0
DA:3962,0
DA:3963,0
DA:3964,0
DA:3967,0
DA:3968,0
DA:3969,0
DA:3972,0
DA:3975,0
DA:3977,0
DA:3978,0
DA:3979,0
DA:3981,0
DA:3985,0
DA:3986,0
DA:3987,0
DA:3994,0
DA:4000,0
DA:4007,0
DA:4008,0
DA:4009,0
DA:4012,0
DA:4013,0
DA:4014,0
DA:4017,0
DA:4018,0
DA:4019,0
DA:4022,0
DA:4023,0
DA:4024,0
DA:4027,0
DA:4028,0
DA:4029,0
DA:4032,0
DA:4033,0
DA:4034,0
DA:4040,0
DA:4047,0
DA:4048,0
DA:4050,0
DA:4051,0
DA:4053,0
DA:4054,0
DA:4056,0
DA:4057,0
DA:4058,0
DA:4061,0
DA:4062,0
DA:4064,0
DA:4065,0
DA:4066,0
DA:4069,0
DA:4072,0
DA:4074,0
DA:4075,0
DA:4076,0
DA:4078,0
DA:4082,0
DA:4083,0
DA:4084,0
DA:4091,0
DA:4110,0
DA:4111,0
DA:4112,0
DA:4116,0
DA:4118,0
DA:4120,0
DA:4122,0
DA:4130,0
DA:4140,0
DA:4148,0
DA:4158,0
DA:4160,0
DA:4161,0
DA:4162,0
DA:4163,0
DA:4166,0
DA:4167,0
DA:4168,0
DA:4170,0
DA:4171,0
DA:4174,0
DA:4175,0
DA:4177,0
DA:4184,0
DA:4186,0
DA:4187,0
DA:4191,0
DA:4193,0
DA:4194,0
DA:4243,0
DA:4249,0
DA:4250,0
DA:4251,0
DA:4254,0
DA:4255,0
DA:4257,0
DA:4258,0
DA:4259,0
DA:4260,0
DA:4261,0
DA:4263,0
DA:4264,0
DA:4268,0
DA:4273,0
DA:4274,0
DA:4275,0
DA:4276,0
DA:4277,0
DA:4281,0
DA:4283,0
DA:4284,0
DA:4285,0
DA:4286,0
DA:4287,0
DA:4290,0
DA:4291,0
DA:4293,0
DA:4294,0
DA:4301,0
DA:4308,0
DA:4309,0
DA:4310,0
DA:4313,0
DA:4314,0
DA:4315,0
DA:4318,0
DA:4319,0
DA:4320,0
DA:4323,0
DA:4324,0
DA:4326,0
DA:4327,0
DA:4328,0
DA:4330,0
DA:4334,0
DA:4335,0
DA:4336,0
DA:4346,0
DA:4350,0
DA:4352,0
DA:4353,0
DA:4354,0
DA:4356,0
DA:4360,0
DA:4361,0
DA:4362,0
DA:4369,0
DA:4375,0
DA:4382,0
DA:4383,0
DA:4384,0
DA:4387,0
DA:4388,0
DA:4389,0
DA:4392,0
DA:4393,0
DA:4394,0
DA:4397,0
DA:4398,0
DA:4400,0
DA:4401,0
DA:4402,0
DA:4404,0
DA:4408,0
DA:4409,0
DA:4410,0
DA:4423,0
DA:4430,0
DA:4431,0
DA:4433,0
DA:4434,0
DA:4436,0
DA:4437,0
DA:4439,0
DA:4440,0
DA:4442,0
DA:4443,0
DA:4444,0
DA:4446,0
DA:4450,0
DA:4451,0
DA:4452,0
DA:4462,0
DA:4467,0
DA:4469,0
DA:4470,0
DA:4471,0
DA:4473,0
DA:4477,0
DA:4478,0
DA:4479,0
DA:4486,0
DA:4508,0
DA:4511,0
DA:4512,0
DA:4516,0
DA:4517,0
DA:4519,0
DA:4524,0
DA:4529,0
DA:4535,0
DA:4543,0
DA:4549,0
DA:4557,0
DA:4559,0
DA:4560,0
DA:4561,0
DA:4562,0
DA:4565,0
DA:4566,0
DA:4570,0
DA:4572,0
DA:4573,0
DA:4589,0
DA:4592,0
DA:4594,0
DA:4596,0
DA:4599,0
DA:4600,0
DA:4607,0
DA:4608,0
DA:4610,0
DA:4617,0
DA:4619,0
DA:4620,0
DA:4624,0
DA:4626,0
DA:4627,0
DA:4679,0
DA:4685,0
DA:4686,0
DA:4687,0
DA:4688,0
DA:4689,0
DA:4693,0
DA:4694,0
DA:4696,0
DA:4697,0
DA:4698,0
DA:4699,0
DA:4700,0
DA:4702,0
DA:4703,0
DA:4707,0
DA:4708,0
DA:4709,0
DA:4710,0
DA:4711,0
DA:4712,0
DA:4716,0
DA:4717,0
DA:4718,0
DA:4719,0
DA:4720,0
DA:4722,0
DA:4723,0
DA:4724,0
DA:4731,0
DA:4738,0
DA:4739,0
DA:4740,0
DA:4743,0
DA:4744,0
DA:4745,0
DA:4748,0
DA:4749,0
DA:4750,0
DA:4753,0
DA:4754,0
DA:4755,0
DA:4758,0
DA:4759,0
DA:4761,0
DA:4762,0
DA:4763,0
DA:4765,0
DA:4769,0
DA:4770,0
DA:4771,0
DA:4781,0
DA:4784,0
DA:4786,0
DA:4787,0
DA:4788,0
DA:4790,0
DA:4794,0
DA:4795,0
DA:4796,0
DA:4803,0
DA:4809,0
DA:4816,0
DA:4817,0
DA:4818,0
DA:4821,0
DA:4822,0
DA:4823,0
DA:4826,0
DA:4827,0
DA:4828,0
DA:4831,0
DA:4832,0
DA:4833,0
DA:4836,0
DA:4837,0
DA:4839,0
DA:4840,0
DA:4841,0
DA:4843,0
DA:4847,0
DA:4848,0
DA:4849,0
DA:4862,0
DA:4869,0
DA:4870,0
DA:4872,0
DA:4873,0
DA:4875,0
DA:4876,0
DA:4878,0
DA:4879,0
DA:4880,0
DA:4883,0
DA:4884,0
DA:4886,0
DA:4887,0
DA:4888,0
DA:4890,0
DA:4894,0
DA:4895,0
DA:4896,0
DA:4906,0
DA:4909,0
DA:4911,0
DA:4912,0
DA:4913,0
DA:4915,0
DA:4919,0
DA:4920,0
DA:4921,0
DA:4928,0
DA:4953,0
DA:4956,0
DA:4957,0
DA:4961,0
DA:4966,0
DA:4971,0
DA:4976,0
DA:4983,0
DA:4992,0
DA:4999,0
DA:5008,0
DA:5010,0
DA:5011,0
DA:5012,0
DA:5013,0
DA:5020,0
DA:5021,0
DA:5025,0
DA:5027,0
DA:5028,0
DA:5044,0
DA:5047,0
DA:5049,0
DA:5052,0
DA:5055,0
DA:5056,0
DA:5063,0
DA:5064,0
DA:5066,0
DA:5073,0
DA:5075,0
DA:5076,0
DA:5080,0
DA:5082,0
DA:5083,0
DA:5127,0
DA:5133,0
DA:5134,0
DA:5135,0
DA:5136,0
DA:5137,0
DA:5141,0
DA:5142,0
DA:5144,0
DA:5145,0
DA:5146,0
DA:5147,0
DA:5148,0
DA:5150,0
DA:5151,0
DA:5158,0
DA:5165,0
DA:5166,0
DA:5167,0
DA:5168,0
DA:5171,0
DA:5172,0
DA:5173,0
DA:5176,0
DA:5178,0
DA:5180,0
DA:5181,0
DA:5182,0
DA:5184,0
DA:5188,0
DA:5189,0
DA:5190,0
DA:5203,0
DA:5210,0
DA:5211,0
DA:5212,0
DA:5215,0
DA:5216,0
DA:5217,0
DA:5220,0
DA:5222,0
DA:5224,0
DA:5225,0
DA:5226,0
DA:5228,0
DA:5232,0
DA:5233,0
DA:5234,0
DA:5247,0
DA:5254,0
DA:5255,0
DA:5256,0
DA:5257,0
DA:5260,0
DA:5261,0
DA:5262,0
DA:5265,0
DA:5267,0
DA:5269,0
DA:5270,0
DA:5271,0
DA:5273,0
DA:5277,0
DA:5278,0
DA:5279,0
DA:5305,0
DA:5306,0
DA:5307,0
DA:5311,0
DA:5313,0
DA:5314,0
DA:5316,0
DA:5321,0
DA:5326,0
DA:5333,0
DA:5338,0
DA:5345,0
DA:5347,0
DA:5348,0
DA:5349,0
DA:5350,0
DA:5353,0
DA:5354,0
DA:5355,0
DA:5357,0
DA:5372,0
DA:5375,0
DA:5377,0
DA:5379,0
DA:5382,0
DA:5383,0
DA:5390,0
DA:5391,0
DA:5426,0
DA:5433,0
DA:5434,0
DA:5435,0
DA:5438,0
DA:5439,0
DA:5440,0
DA:5441,0
DA:5447,0
DA:5454,0
DA:5455,0
DA:5456,0
DA:5459,0
DA:5460,0
DA:5461,0
DA:5467,0
DA:5474,0
DA:5475,0
DA:5477,0
DA:5478,0
DA:5479,0
DA:5480,0
DA:5506,0
DA:5509,0
DA:5510,0
DA:5514,0
DA:5519,0
DA:5524,0
DA:5529,0
DA:5532,0
DA:5537,0
DA:5540,0
DA:5545,0
DA:5547,0
DA:5548,0
DA:5549,0
DA:5550,0
DA:5553,0
DA:5583,0
DA:5584,0
DA:5585,0
DA:5586,0
DA:5587,0
DA:5588,0
DA:5589,0
DA:5590,0
DA:5591,0
DA:5592,0
DA:5593,0
DA:5594,0
DA:5595,0
DA:5596,0
DA:5597,0
DA:5599,0
DA:5600,0
DA:5601,0
DA:5602,0
DA:5609,0
DA:5613,12
LF:2198
LH:460
end_of_record
SF:lib/src/utils/drift_storage/database_table.dart
DA:16,0
DA:17,0
DA:18,0
DA:19,0
DA:20,0
DA:22,0
DA:23,0
DA:28,0
DA:29,0
DA:30,0
DA:31,0
DA:33,0
DA:34,0
DA:39,0
DA:40,0
DA:41,0
DA:42,0
DA:43,0
DA:45,0
DA:63,0
DA:65,0
DA:66,0
DA:67,0
DA:68,0
DA:69,0
DA:71,0
DA:72,0
DA:77,0
DA:78,0
DA:79,0
DA:80,0
DA:82,0
DA:83,0
DA:88,0
DA:89,0
DA:90,0
DA:91,0
DA:93,0
DA:95,0
DA:96,0
DA:102,8
DA:103,1
DA:105,1
DA:108,1
DA:110,1
DA:116,0
DA:118,0
DA:119,0
DA:121,0
DA:122,0
DA:126,8
DA:128,0
DA:130,0
DA:131,0
DA:134,0
DA:136,0
DA:142,0
DA:143,0
DA:145,0
DA:146,0
DA:208,4
DA:211,4
DA:213,0
DA:216,0
DA:218,0
DA:219,0
DA:220,0
LF:67
LH:8
end_of_record
SF:lib/env/flavor.dart
DA:15,0
DA:26,0
DA:27,0
DA:28,0
DA:29,0
DA:30,0
LF:6
LH:0
end_of_record
SF:lib/src/exceptions/app_logger.dart
DA:9,0
DA:10,0
DA:12,0
DA:13,0
DA:14,0
DA:17,0
DA:18,0
DA:19,0
DA:22,0
DA:23,0
DA:27,0
DA:29,0
LF:12
LH:0
end_of_record
SF:lib/src/exceptions/app_logger.g.dart
DA:9,0
DA:13,0
LF:2
LH:0
end_of_record
SF:lib/src/extensions/string_extension.dart
DA:6,2
DA:7,2
DA:8,4
DA:9,4
DA:12,0
DA:14,0
DA:17,0
DA:20,0
DA:21,0
DA:25,0
DA:27,0
DA:28,0
DA:29,0
DA:30,0
DA:35,0
DA:41,0
DA:44,0
DA:45,0
DA:46,0
DA:47,0
DA:48,0
DA:49,0
DA:50,0
DA:51,0
DA:52,0
DA:53,0
DA:54,0
DA:55,0
DA:56,0
DA:57,0
DA:58,0
DA:59,0
DA:60,0
DA:61,0
DA:62,0
DA:63,0
DA:64,0
DA:65,0
DA:66,0
DA:67,0
DA:68,0
DA:69,0
DA:70,0
DA:71,0
DA:72,0
DA:73,0
DA:74,0
DA:75,0
DA:76,0
DA:77,0
DA:78,0
DA:79,0
DA:80,0
DA:81,0
DA:82,0
DA:83,0
DA:84,0
DA:85,0
DA:86,0
DA:87,0
DA:88,0
DA:89,0
DA:90,0
DA:91,0
DA:92,0
DA:93,0
DA:94,0
DA:95,0
DA:96,0
DA:97,0
DA:98,0
DA:99,0
DA:100,0
DA:101,0
DA:102,0
DA:106,0
DA:109,0
DA:110,0
DA:112,0
DA:114,0
DA:117,0
DA:122,0
LF:82
LH:4
end_of_record
SF:lib/src/utils/date_time_formatter.g.dart
DA:9,0
DA:14,0
DA:16,2
DA:18,4
DA:20,8
DA:21,4
DA:24,2
DA:26,8
DA:28,4
DA:29,8
DA:40,4
DA:43,0
DA:44,0
DA:47,0
DA:51,0
DA:56,0
DA:61,0
DA:65,0
DA:72,0
DA:73,0
DA:74,0
DA:90,0
DA:98,0
DA:102,0
DA:106,0
DA:108,0
DA:109,0
DA:110,0
DA:115,0
DA:120,0
DA:122,0
DA:125,0
DA:127,0
DA:128,0
DA:131,0
DA:133,0
DA:134,0
DA:136,0
DA:150,0
DA:152,0
DA:153,0
DA:156,0
DA:165,4
DA:168,0
DA:169,0
DA:172,0
DA:176,0
DA:181,0
DA:186,0
DA:190,0
DA:197,0
DA:198,0
DA:199,0
DA:215,0
DA:223,0
DA:227,0
DA:229,0
DA:231,0
DA:232,0
DA:233,0
DA:238,0
DA:243,0
DA:245,0
DA:248,0
DA:250,0
DA:253,0
DA:255,0
DA:256,0
DA:258,0
DA:272,0
DA:274,0
DA:275,0
DA:278,2
DA:287,4
DA:290,2
DA:291,2
DA:294,0
DA:298,0
DA:303,0
DA:308,0
DA:312,0
DA:319,2
DA:320,2
DA:321,4
DA:334,2
DA:342,2
DA:346,0
DA:348,0
DA:350,0
DA:351,0
DA:352,0
DA:357,0
DA:362,2
DA:364,2
DA:367,2
DA:369,8
DA:372,2
DA:374,6
DA:375,6
DA:377,2
DA:390,2
DA:392,0
DA:393,0
DA:396,0
DA:405,4
DA:408,0
DA:409,0
DA:412,0
DA:414,0
DA:419,0
DA:424,0
DA:428,0
DA:435,0
DA:436,0
DA:437,0
DA:449,0
DA:457,0
DA:461,0
DA:463,0
DA:465,0
DA:466,0
DA:467,0
DA:472,0
DA:477,0
DA:479,0
DA:482,0
DA:484,0
DA:487,0
DA:489,0
DA:490,0
DA:492,0
DA:505,0
DA:507,0
DA:508,0
DA:511,0
DA:520,4
DA:523,0
DA:524,0
DA:527,0
DA:531,0
DA:536,0
DA:541,0
DA:545,0
DA:552,0
DA:553,0
DA:554,0
DA:567,0
DA:575,0
DA:579,0
DA:581,0
DA:583,0
DA:584,0
DA:585,0
DA:590,0
DA:595,0
DA:597,0
DA:600,0
DA:602,0
DA:605,0
DA:607,0
DA:608,0
DA:610,0
DA:623,0
DA:625,0
DA:626,0
LF:165
LH:30
end_of_record
SF:lib/src/utils/date_time_formatter.dart
DA:6,0
DA:8,0
DA:11,0
DA:14,0
DA:18,0
DA:20,0
DA:25,0
DA:28,0
DA:32,2
DA:34,2
DA:39,2
DA:44,0
DA:49,0
DA:51,0
DA:53,0
DA:55,0
DA:56,0
DA:57,0
DA:58,0
DA:59,0
DA:60,0
DA:62,0
DA:66,0
DA:68,0
DA:70,0
DA:71,0
DA:74,0
DA:78,2
DA:81,4
DA:82,0
LF:30
LH:5
end_of_record
SF:lib/src/utils/drift_storage/connection/native.dart
DA:16,0
DA:17,0
DA:20,0
DA:21,0
DA:24,0
DA:25,0
DA:30,0
DA:33,0
DA:35,0
DA:39,0
DA:49,0
LF:11
LH:0
end_of_record
SF:lib/src/features/authentication/data/company_profile_repository.dart
DA:16,4
DA:18,0
DA:20,1
DA:23,1
DA:25,1
DA:26,1
DA:27,2
DA:28,2
DA:29,2
DA:31,5
DA:33,3
DA:40,0
DA:42,0
DA:43,0
DA:44,0
DA:45,0
DA:46,0
DA:49,0
DA:50,0
DA:52,0
DA:53,0
DA:62,1
DA:65,6
DA:66,10
DA:68,8
DA:69,6
DA:70,1
DA:73,3
DA:74,4
DA:82,1
DA:84,4
DA:86,2
DA:87,10
DA:88,8
DA:89,1
DA:91,2
DA:93,3
DA:94,1
DA:95,1
DA:96,1
DA:97,1
DA:105,0
DA:110,0
DA:112,0
DA:114,0
DA:119,1
DA:121,1
DA:124,0
DA:126,0
DA:127,0
LF:50
LH:32
end_of_record
SF:lib/src/features/authentication/data/company_profile_repository.g.dart
DA:9,1
DA:14,2
DA:15,1
DA:30,0
DA:34,0
LF:5
LH:3
end_of_record
SF:lib/src/features/authentication/data/user_profile_repository.dart
DA:13,8
DA:15,2
DA:18,2
DA:20,2
DA:21,4
DA:22,4
DA:23,4
DA:24,4
DA:26,10
DA:32,0
DA:34,0
DA:35,0
DA:36,0
DA:37,0
DA:38,0
DA:40,0
DA:46,0
DA:48,0
DA:50,0
DA:54,2
DA:56,8
DA:57,2
DA:59,2
DA:60,2
DA:61,2
DA:62,2
DA:63,2
DA:64,2
DA:72,1
DA:73,4
DA:74,1
DA:76,1
DA:77,1
DA:79,1
DA:80,1
DA:81,1
DA:82,1
DA:83,1
DA:84,1
DA:91,2
DA:93,2
DA:96,0
DA:98,0
DA:100,0
DA:103,0
DA:105,0
DA:106,0
LF:47
LH:31
end_of_record
SF:lib/src/features/authentication/data/user_profile_repository.g.dart
DA:9,2
DA:14,4
DA:15,2
DA:30,0
DA:34,0
DA:46,0
DA:50,0
LF:7
LH:3
end_of_record
SF:lib/src/utils/uuid.g.dart
DA:9,2
DA:13,6
LF:2
LH:2
end_of_record
SF:lib/src/utils/uuid.dart
DA:6,2
DA:8,2
DA:9,2
LF:3
LH:3
end_of_record
